
*** Running vivado
    with args -log top_smartconnect_0_0.vds -m64 -product Vivado -mode batch -messageDb vivado.pb -notrace -source top_smartconnect_0_0.tcl


****** Vivado v2022.2 (64-bit)
  **** SW Build 3671981 on Fri Oct 14 04:59:54 MDT 2022
  **** IP Build 3669848 on Fri Oct 14 08:30:02 MDT 2022
    ** Copyright 1986-2022 Xilinx, Inc. All Rights Reserved.

source top_smartconnect_0_0.tcl -notrace
INFO: [IP_Flow 19-6924] IPCACHE: Running cache check for IP inst: top_smartconnect_0_0
Command: synth_design -top top_smartconnect_0_0 -part xczu6eg-ffvb1156-1-e -incremental_mode off -mode out_of_context
Starting synth_design
Attempting to get a license for feature 'Synthesis' and/or device 'xczu6eg'
INFO: [Common 17-349] Got license for feature 'Synthesis' and/or device 'xczu6eg'
INFO: [Device 21-403] Loading part xczu6eg-ffvb1156-1-e
INFO: [Synth 8-7079] Multithreading enabled for synth_design using a maximum of 4 processes.
INFO: [Synth 8-7078] Launching helper process for spawning children vivado processes
INFO: [Synth 8-7075] Helper process launched with PID 225641
INFO: [Synth 8-11241] undeclared symbol 'REGCCE', assumed default net type 'wire' [/tools/Xilinx/Vivado/2022.2/data/verilog/src/unimacro/BRAM_SINGLE_MACRO.v:2170]
WARNING: [Synth 8-11067] parameter 'K_MAX_EP_ROUTE_WIDTH' declared inside package 'sc_util_v1_0_4_pkg' shall be treated as localparam [/home/bouthsarath/ibert_dfe/prj/zubpm_hw/zubpm_hw.gen/sources_1/bd/top/ipshared/f0b6/hdl/sc_util_v1_0_vl_rfs.sv:87]
WARNING: [Synth 8-11067] parameter 'K_MAX_SC_ROUTE_WIDTH' declared inside package 'sc_util_v1_0_4_pkg' shall be treated as localparam [/home/bouthsarath/ibert_dfe/prj/zubpm_hw/zubpm_hw.gen/sources_1/bd/top/ipshared/f0b6/hdl/sc_util_v1_0_vl_rfs.sv:88]
WARNING: [Synth 8-11067] parameter 'K_MAX_CMD_PTR' declared inside package 'sc_util_v1_0_4_pkg' shall be treated as localparam [/home/bouthsarath/ibert_dfe/prj/zubpm_hw/zubpm_hw.gen/sources_1/bd/top/ipshared/f0b6/hdl/sc_util_v1_0_vl_rfs.sv:89]
WARNING: [Synth 8-11067] parameter 'K_MAX_LUTRAM_PTR' declared inside package 'sc_util_v1_0_4_pkg' shall be treated as localparam [/home/bouthsarath/ibert_dfe/prj/zubpm_hw/zubpm_hw.gen/sources_1/bd/top/ipshared/f0b6/hdl/sc_util_v1_0_vl_rfs.sv:90]
WARNING: [Synth 8-11067] parameter 'K_MAX_BRAM_PTR' declared inside package 'sc_util_v1_0_4_pkg' shall be treated as localparam [/home/bouthsarath/ibert_dfe/prj/zubpm_hw/zubpm_hw.gen/sources_1/bd/top/ipshared/f0b6/hdl/sc_util_v1_0_vl_rfs.sv:91]
WARNING: [Synth 8-11067] parameter 'K_MIN_BRAM_PTR' declared inside package 'sc_util_v1_0_4_pkg' shall be treated as localparam [/home/bouthsarath/ibert_dfe/prj/zubpm_hw/zubpm_hw.gen/sources_1/bd/top/ipshared/f0b6/hdl/sc_util_v1_0_vl_rfs.sv:92]
WARNING: [Synth 8-11067] parameter 'K_MAX_SYNC_RATIO' declared inside package 'sc_util_v1_0_4_pkg' shall be treated as localparam [/home/bouthsarath/ibert_dfe/prj/zubpm_hw/zubpm_hw.gen/sources_1/bd/top/ipshared/f0b6/hdl/sc_util_v1_0_vl_rfs.sv:93]
WARNING: [Synth 8-11067] parameter 'K_MAX_PIPELINES' declared inside package 'sc_util_v1_0_4_pkg' shall be treated as localparam [/home/bouthsarath/ibert_dfe/prj/zubpm_hw/zubpm_hw.gen/sources_1/bd/top/ipshared/f0b6/hdl/sc_util_v1_0_vl_rfs.sv:94]
WARNING: [Synth 8-11067] parameter 'K_LOG_MAX_PIPELINES' declared inside package 'sc_util_v1_0_4_pkg' shall be treated as localparam [/home/bouthsarath/ibert_dfe/prj/zubpm_hw/zubpm_hw.gen/sources_1/bd/top/ipshared/f0b6/hdl/sc_util_v1_0_vl_rfs.sv:95]
WARNING: [Synth 8-11067] parameter 'K_MAX_LATENCY' declared inside package 'sc_util_v1_0_4_pkg' shall be treated as localparam [/home/bouthsarath/ibert_dfe/prj/zubpm_hw/zubpm_hw.gen/sources_1/bd/top/ipshared/f0b6/hdl/sc_util_v1_0_vl_rfs.sv:96]
WARNING: [Synth 8-11067] parameter 'K_LOG_MAX_LATENCY' declared inside package 'sc_util_v1_0_4_pkg' shall be treated as localparam [/home/bouthsarath/ibert_dfe/prj/zubpm_hw/zubpm_hw.gen/sources_1/bd/top/ipshared/f0b6/hdl/sc_util_v1_0_vl_rfs.sv:97]
WARNING: [Synth 8-11067] parameter 'K_AXIS_ARB_TDATA_NUM_BYTES' declared inside package 'sc_util_v1_0_4_pkg' shall be treated as localparam [/home/bouthsarath/ibert_dfe/prj/zubpm_hw/zubpm_hw.gen/sources_1/bd/top/ipshared/f0b6/hdl/sc_util_v1_0_vl_rfs.sv:98]
WARNING: [Synth 8-11067] parameter 'K_MAX_USER_BITS_PER_BYTE' declared inside package 'sc_util_v1_0_4_pkg' shall be treated as localparam [/home/bouthsarath/ibert_dfe/prj/zubpm_hw/zubpm_hw.gen/sources_1/bd/top/ipshared/f0b6/hdl/sc_util_v1_0_vl_rfs.sv:99]
WARNING: [Synth 8-11067] parameter 'K_MAX_INFO_WIDTH' declared inside package 'sc_util_v1_0_4_pkg' shall be treated as localparam [/home/bouthsarath/ibert_dfe/prj/zubpm_hw/zubpm_hw.gen/sources_1/bd/top/ipshared/f0b6/hdl/sc_util_v1_0_vl_rfs.sv:100]
WARNING: [Synth 8-11067] parameter 'K_MAX_OUTSTANDING_REQ' declared inside package 'sc_util_v1_0_4_pkg' shall be treated as localparam [/home/bouthsarath/ibert_dfe/prj/zubpm_hw/zubpm_hw.gen/sources_1/bd/top/ipshared/f0b6/hdl/sc_util_v1_0_vl_rfs.sv:101]
WARNING: [Synth 8-11067] parameter 'K_AXI_SIZE_WIDTH' declared inside package 'sc_util_v1_0_4_pkg' shall be treated as localparam [/home/bouthsarath/ibert_dfe/prj/zubpm_hw/zubpm_hw.gen/sources_1/bd/top/ipshared/f0b6/hdl/sc_util_v1_0_vl_rfs.sv:102]
WARNING: [Synth 8-11067] parameter 'K_AXI_BURST_WIDTH' declared inside package 'sc_util_v1_0_4_pkg' shall be treated as localparam [/home/bouthsarath/ibert_dfe/prj/zubpm_hw/zubpm_hw.gen/sources_1/bd/top/ipshared/f0b6/hdl/sc_util_v1_0_vl_rfs.sv:103]
WARNING: [Synth 8-11067] parameter 'K_AXI_RESP_WIDTH' declared inside package 'sc_util_v1_0_4_pkg' shall be treated as localparam [/home/bouthsarath/ibert_dfe/prj/zubpm_hw/zubpm_hw.gen/sources_1/bd/top/ipshared/f0b6/hdl/sc_util_v1_0_vl_rfs.sv:104]
WARNING: [Synth 8-11067] parameter 'K_AXI_LAST_WIDTH' declared inside package 'sc_util_v1_0_4_pkg' shall be treated as localparam [/home/bouthsarath/ibert_dfe/prj/zubpm_hw/zubpm_hw.gen/sources_1/bd/top/ipshared/f0b6/hdl/sc_util_v1_0_vl_rfs.sv:105]
WARNING: [Synth 8-11067] parameter 'K_AXI_LEN_WIDTH' declared inside package 'sc_util_v1_0_4_pkg' shall be treated as localparam [/home/bouthsarath/ibert_dfe/prj/zubpm_hw/zubpm_hw.gen/sources_1/bd/top/ipshared/f0b6/hdl/sc_util_v1_0_vl_rfs.sv:106]
WARNING: [Synth 8-11067] parameter 'K_AXI_EXCL_LEN_WIDTH' declared inside package 'sc_util_v1_0_4_pkg' shall be treated as localparam [/home/bouthsarath/ibert_dfe/prj/zubpm_hw/zubpm_hw.gen/sources_1/bd/top/ipshared/f0b6/hdl/sc_util_v1_0_vl_rfs.sv:107]
WARNING: [Synth 8-11067] parameter 'K_AXI_LOCK_WIDTH' declared inside package 'sc_util_v1_0_4_pkg' shall be treated as localparam [/home/bouthsarath/ibert_dfe/prj/zubpm_hw/zubpm_hw.gen/sources_1/bd/top/ipshared/f0b6/hdl/sc_util_v1_0_vl_rfs.sv:108]
WARNING: [Synth 8-11067] parameter 'K_AXI3_LEN_WIDTH' declared inside package 'sc_util_v1_0_4_pkg' shall be treated as localparam [/home/bouthsarath/ibert_dfe/prj/zubpm_hw/zubpm_hw.gen/sources_1/bd/top/ipshared/f0b6/hdl/sc_util_v1_0_vl_rfs.sv:109]
WARNING: [Synth 8-11067] parameter 'K_AXI3_LOCK_WIDTH' declared inside package 'sc_util_v1_0_4_pkg' shall be treated as localparam [/home/bouthsarath/ibert_dfe/prj/zubpm_hw/zubpm_hw.gen/sources_1/bd/top/ipshared/f0b6/hdl/sc_util_v1_0_vl_rfs.sv:110]
WARNING: [Synth 8-11067] parameter 'K_AXI_PROT_WIDTH' declared inside package 'sc_util_v1_0_4_pkg' shall be treated as localparam [/home/bouthsarath/ibert_dfe/prj/zubpm_hw/zubpm_hw.gen/sources_1/bd/top/ipshared/f0b6/hdl/sc_util_v1_0_vl_rfs.sv:111]
WARNING: [Synth 8-11067] parameter 'K_AXI_QOS_WIDTH' declared inside package 'sc_util_v1_0_4_pkg' shall be treated as localparam [/home/bouthsarath/ibert_dfe/prj/zubpm_hw/zubpm_hw.gen/sources_1/bd/top/ipshared/f0b6/hdl/sc_util_v1_0_vl_rfs.sv:112]
WARNING: [Synth 8-11067] parameter 'K_AXI_CACHE_WIDTH' declared inside package 'sc_util_v1_0_4_pkg' shall be treated as localparam [/home/bouthsarath/ibert_dfe/prj/zubpm_hw/zubpm_hw.gen/sources_1/bd/top/ipshared/f0b6/hdl/sc_util_v1_0_vl_rfs.sv:113]
WARNING: [Synth 8-11067] parameter 'K_MAX_ACCEPTANCE' declared inside package 'sc_util_v1_0_4_pkg' shall be treated as localparam [/home/bouthsarath/ibert_dfe/prj/zubpm_hw/zubpm_hw.gen/sources_1/bd/top/ipshared/f0b6/hdl/sc_util_v1_0_vl_rfs.sv:114]
WARNING: [Synth 8-11067] parameter 'K_MAX_FANOUT' declared inside package 'sc_util_v1_0_4_pkg' shall be treated as localparam [/home/bouthsarath/ibert_dfe/prj/zubpm_hw/zubpm_hw.gen/sources_1/bd/top/ipshared/f0b6/hdl/sc_util_v1_0_vl_rfs.sv:115]
WARNING: [Synth 8-11067] parameter 'K_MAX_READ_WATERMARK' declared inside package 'sc_util_v1_0_4_pkg' shall be treated as localparam [/home/bouthsarath/ibert_dfe/prj/zubpm_hw/zubpm_hw.gen/sources_1/bd/top/ipshared/f0b6/hdl/sc_util_v1_0_vl_rfs.sv:116]
WARNING: [Synth 8-11067] parameter 'K_MAX_BURST_LENGTH' declared inside package 'sc_util_v1_0_4_pkg' shall be treated as localparam [/home/bouthsarath/ibert_dfe/prj/zubpm_hw/zubpm_hw.gen/sources_1/bd/top/ipshared/f0b6/hdl/sc_util_v1_0_vl_rfs.sv:117]
WARNING: [Synth 8-11067] parameter 'CH_R' declared inside package 'sc_util_v1_0_4_pkg' shall be treated as localparam [/home/bouthsarath/ibert_dfe/prj/zubpm_hw/zubpm_hw.gen/sources_1/bd/top/ipshared/f0b6/hdl/sc_util_v1_0_vl_rfs.sv:164]
WARNING: [Synth 8-11067] parameter 'CH_W' declared inside package 'sc_util_v1_0_4_pkg' shall be treated as localparam [/home/bouthsarath/ibert_dfe/prj/zubpm_hw/zubpm_hw.gen/sources_1/bd/top/ipshared/f0b6/hdl/sc_util_v1_0_vl_rfs.sv:165]
WARNING: [Synth 8-11067] parameter 'CH_AR' declared inside package 'sc_util_v1_0_4_pkg' shall be treated as localparam [/home/bouthsarath/ibert_dfe/prj/zubpm_hw/zubpm_hw.gen/sources_1/bd/top/ipshared/f0b6/hdl/sc_util_v1_0_vl_rfs.sv:166]
WARNING: [Synth 8-11067] parameter 'CH_AW' declared inside package 'sc_util_v1_0_4_pkg' shall be treated as localparam [/home/bouthsarath/ibert_dfe/prj/zubpm_hw/zubpm_hw.gen/sources_1/bd/top/ipshared/f0b6/hdl/sc_util_v1_0_vl_rfs.sv:167]
WARNING: [Synth 8-11067] parameter 'CH_B' declared inside package 'sc_util_v1_0_4_pkg' shall be treated as localparam [/home/bouthsarath/ibert_dfe/prj/zubpm_hw/zubpm_hw.gen/sources_1/bd/top/ipshared/f0b6/hdl/sc_util_v1_0_vl_rfs.sv:168]
WARNING: [Synth 8-11067] parameter 'CLK_DOWN' declared inside package 'sc_util_v1_0_4_pkg' shall be treated as localparam [/home/bouthsarath/ibert_dfe/prj/zubpm_hw/zubpm_hw.gen/sources_1/bd/top/ipshared/f0b6/hdl/sc_util_v1_0_vl_rfs.sv:170]
WARNING: [Synth 8-11067] parameter 'CLK_SYNC_ALIAS' declared inside package 'sc_util_v1_0_4_pkg' shall be treated as localparam [/home/bouthsarath/ibert_dfe/prj/zubpm_hw/zubpm_hw.gen/sources_1/bd/top/ipshared/f0b6/hdl/sc_util_v1_0_vl_rfs.sv:171]
WARNING: [Synth 8-11067] parameter 'CLK_ASYNC' declared inside package 'sc_util_v1_0_4_pkg' shall be treated as localparam [/home/bouthsarath/ibert_dfe/prj/zubpm_hw/zubpm_hw.gen/sources_1/bd/top/ipshared/f0b6/hdl/sc_util_v1_0_vl_rfs.sv:172]
WARNING: [Synth 8-11067] parameter 'CLK_SYNC' declared inside package 'sc_util_v1_0_4_pkg' shall be treated as localparam [/home/bouthsarath/ibert_dfe/prj/zubpm_hw/zubpm_hw.gen/sources_1/bd/top/ipshared/f0b6/hdl/sc_util_v1_0_vl_rfs.sv:173]
WARNING: [Synth 8-11067] parameter 'CLK_UP' declared inside package 'sc_util_v1_0_4_pkg' shall be treated as localparam [/home/bouthsarath/ibert_dfe/prj/zubpm_hw/zubpm_hw.gen/sources_1/bd/top/ipshared/f0b6/hdl/sc_util_v1_0_vl_rfs.sv:174]
WARNING: [Synth 8-11067] parameter 'CLKEN_NONE' declared inside package 'sc_util_v1_0_4_pkg' shall be treated as localparam [/home/bouthsarath/ibert_dfe/prj/zubpm_hw/zubpm_hw.gen/sources_1/bd/top/ipshared/f0b6/hdl/sc_util_v1_0_vl_rfs.sv:176]
WARNING: [Synth 8-11067] parameter 'CLKEN_S' declared inside package 'sc_util_v1_0_4_pkg' shall be treated as localparam [/home/bouthsarath/ibert_dfe/prj/zubpm_hw/zubpm_hw.gen/sources_1/bd/top/ipshared/f0b6/hdl/sc_util_v1_0_vl_rfs.sv:177]
WARNING: [Synth 8-11067] parameter 'CLKEN_M' declared inside package 'sc_util_v1_0_4_pkg' shall be treated as localparam [/home/bouthsarath/ibert_dfe/prj/zubpm_hw/zubpm_hw.gen/sources_1/bd/top/ipshared/f0b6/hdl/sc_util_v1_0_vl_rfs.sv:178]
WARNING: [Synth 8-11067] parameter 'CLKEN_S_AND_M' declared inside package 'sc_util_v1_0_4_pkg' shall be treated as localparam [/home/bouthsarath/ibert_dfe/prj/zubpm_hw/zubpm_hw.gen/sources_1/bd/top/ipshared/f0b6/hdl/sc_util_v1_0_vl_rfs.sv:179]
WARNING: [Synth 8-11067] parameter 'ARB_BYPASS' declared inside package 'sc_util_v1_0_4_pkg' shall be treated as localparam [/home/bouthsarath/ibert_dfe/prj/zubpm_hw/zubpm_hw.gen/sources_1/bd/top/ipshared/f0b6/hdl/sc_util_v1_0_vl_rfs.sv:180]
WARNING: [Synth 8-11067] parameter 'ARB_ROUNDROBIN' declared inside package 'sc_util_v1_0_4_pkg' shall be treated as localparam [/home/bouthsarath/ibert_dfe/prj/zubpm_hw/zubpm_hw.gen/sources_1/bd/top/ipshared/f0b6/hdl/sc_util_v1_0_vl_rfs.sv:181]
WARNING: [Synth 8-11067] parameter 'ARB_SLAVE' declared inside package 'sc_util_v1_0_4_pkg' shall be treated as localparam [/home/bouthsarath/ibert_dfe/prj/zubpm_hw/zubpm_hw.gen/sources_1/bd/top/ipshared/f0b6/hdl/sc_util_v1_0_vl_rfs.sv:182]
WARNING: [Synth 8-11067] parameter 'FIFO_LUTRAM' declared inside package 'sc_util_v1_0_4_pkg' shall be treated as localparam [/home/bouthsarath/ibert_dfe/prj/zubpm_hw/zubpm_hw.gen/sources_1/bd/top/ipshared/f0b6/hdl/sc_util_v1_0_vl_rfs.sv:183]
WARNING: [Synth 8-11067] parameter 'FIFO_BRAM' declared inside package 'sc_util_v1_0_4_pkg' shall be treated as localparam [/home/bouthsarath/ibert_dfe/prj/zubpm_hw/zubpm_hw.gen/sources_1/bd/top/ipshared/f0b6/hdl/sc_util_v1_0_vl_rfs.sv:184]
WARNING: [Synth 8-11067] parameter 'FIFO_NONE' declared inside package 'sc_util_v1_0_4_pkg' shall be treated as localparam [/home/bouthsarath/ibert_dfe/prj/zubpm_hw/zubpm_hw.gen/sources_1/bd/top/ipshared/f0b6/hdl/sc_util_v1_0_vl_rfs.sv:185]
WARNING: [Synth 8-11067] parameter 'FIFO_IP_XPM_MEMORY' declared inside package 'sc_util_v1_0_4_pkg' shall be treated as localparam [/home/bouthsarath/ibert_dfe/prj/zubpm_hw/zubpm_hw.gen/sources_1/bd/top/ipshared/f0b6/hdl/sc_util_v1_0_vl_rfs.sv:186]
WARNING: [Synth 8-11067] parameter 'FIFO_IP_FG' declared inside package 'sc_util_v1_0_4_pkg' shall be treated as localparam [/home/bouthsarath/ibert_dfe/prj/zubpm_hw/zubpm_hw.gen/sources_1/bd/top/ipshared/f0b6/hdl/sc_util_v1_0_vl_rfs.sv:187]
WARNING: [Synth 8-11067] parameter 'FIFO_IP_XPM_FIFO' declared inside package 'sc_util_v1_0_4_pkg' shall be treated as localparam [/home/bouthsarath/ibert_dfe/prj/zubpm_hw/zubpm_hw.gen/sources_1/bd/top/ipshared/f0b6/hdl/sc_util_v1_0_vl_rfs.sv:188]
WARNING: [Synth 8-11067] parameter 'K_T_STRUCT_EXCLUSIVE_WIDTH' declared inside package 'sc_util_v1_0_4_pkg' shall be treated as localparam [/home/bouthsarath/ibert_dfe/prj/zubpm_hw/zubpm_hw.gen/sources_1/bd/top/ipshared/f0b6/hdl/sc_util_v1_0_vl_rfs.sv:230]
WARNING: [Synth 8-11067] parameter 'K_T_STATIC_ADDR_PAYLD_WIDTH' declared inside package 'sc_util_v1_0_4_pkg' shall be treated as localparam [/home/bouthsarath/ibert_dfe/prj/zubpm_hw/zubpm_hw.gen/sources_1/bd/top/ipshared/f0b6/hdl/sc_util_v1_0_vl_rfs.sv:232]
WARNING: [Synth 8-11067] parameter 'K_T_STATIC_RDATA_PAYLD_WIDTH' declared inside package 'sc_util_v1_0_4_pkg' shall be treated as localparam [/home/bouthsarath/ibert_dfe/prj/zubpm_hw/zubpm_hw.gen/sources_1/bd/top/ipshared/f0b6/hdl/sc_util_v1_0_vl_rfs.sv:240]
WARNING: [Synth 8-11067] parameter 'K_T_STATIC_WDATA_PAYLD_WIDTH' declared inside package 'sc_util_v1_0_4_pkg' shall be treated as localparam [/home/bouthsarath/ibert_dfe/prj/zubpm_hw/zubpm_hw.gen/sources_1/bd/top/ipshared/f0b6/hdl/sc_util_v1_0_vl_rfs.sv:244]
WARNING: [Synth 8-11067] parameter 'K_T_STATIC_BRSP_PAYLD_WIDTH' declared inside package 'sc_util_v1_0_4_pkg' shall be treated as localparam [/home/bouthsarath/ibert_dfe/prj/zubpm_hw/zubpm_hw.gen/sources_1/bd/top/ipshared/f0b6/hdl/sc_util_v1_0_vl_rfs.sv:247]
WARNING: [Synth 8-11067] parameter 'K_T_EXCLUSIVE_WIDTH' declared inside package 'sc_util_v1_0_4_pkg' shall be treated as localparam [/home/bouthsarath/ibert_dfe/prj/zubpm_hw/zubpm_hw.gen/sources_1/bd/top/ipshared/f0b6/hdl/sc_util_v1_0_vl_rfs.sv:253]
WARNING: [Synth 8-11067] parameter 'K_T_ADDR_AUGMENT_WIDTH' declared inside package 'sc_util_v1_0_4_pkg' shall be treated as localparam [/home/bouthsarath/ibert_dfe/prj/zubpm_hw/zubpm_hw.gen/sources_1/bd/top/ipshared/f0b6/hdl/sc_util_v1_0_vl_rfs.sv:256]
WARNING: [Synth 8-11067] parameter 'K_T_DATA_AUGMENT_WIDTH' declared inside package 'sc_util_v1_0_4_pkg' shall be treated as localparam [/home/bouthsarath/ibert_dfe/prj/zubpm_hw/zubpm_hw.gen/sources_1/bd/top/ipshared/f0b6/hdl/sc_util_v1_0_vl_rfs.sv:259]
WARNING: [Synth 8-11067] parameter 'K_T_BRSP_AUGMENT_WIDTH' declared inside package 'sc_util_v1_0_4_pkg' shall be treated as localparam [/home/bouthsarath/ibert_dfe/prj/zubpm_hw/zubpm_hw.gen/sources_1/bd/top/ipshared/f0b6/hdl/sc_util_v1_0_vl_rfs.sv:261]
WARNING: [Synth 8-11067] parameter 'K_USABLE_T_ADDR_CASCADE_WIDTH' declared inside package 'sc_util_v1_0_4_pkg' shall be treated as localparam [/home/bouthsarath/ibert_dfe/prj/zubpm_hw/zubpm_hw.gen/sources_1/bd/top/ipshared/f0b6/hdl/sc_util_v1_0_vl_rfs.sv:263]
WARNING: [Synth 8-11067] parameter 'K_USABLE_T_DATA_CASCADE_WIDTH' declared inside package 'sc_util_v1_0_4_pkg' shall be treated as localparam [/home/bouthsarath/ibert_dfe/prj/zubpm_hw/zubpm_hw.gen/sources_1/bd/top/ipshared/f0b6/hdl/sc_util_v1_0_vl_rfs.sv:265]
WARNING: [Synth 8-11067] parameter 'K_USABLE_T_BRSP_CASCADE_WIDTH' declared inside package 'sc_util_v1_0_4_pkg' shall be treated as localparam [/home/bouthsarath/ibert_dfe/prj/zubpm_hw/zubpm_hw.gen/sources_1/bd/top/ipshared/f0b6/hdl/sc_util_v1_0_vl_rfs.sv:267]
WARNING: [Synth 8-11067] parameter 'K_T_CASCADE_WIDTH' declared inside package 'sc_util_v1_0_4_pkg' shall be treated as localparam [/home/bouthsarath/ibert_dfe/prj/zubpm_hw/zubpm_hw.gen/sources_1/bd/top/ipshared/f0b6/hdl/sc_util_v1_0_vl_rfs.sv:270]
WARNING: [Synth 8-11067] parameter 'K_T_SEG_LEN_WIDTH' declared inside package 'sc_util_v1_0_4_pkg' shall be treated as localparam [/home/bouthsarath/ibert_dfe/prj/zubpm_hw/zubpm_hw.gen/sources_1/bd/top/ipshared/f0b6/hdl/sc_util_v1_0_vl_rfs.sv:304]
WARNING: [Synth 8-11067] parameter 'K_USABLE_T_ADDR_SIDEBAND_WIDTH' declared inside package 'sc_util_v1_0_4_pkg' shall be treated as localparam [/home/bouthsarath/ibert_dfe/prj/zubpm_hw/zubpm_hw.gen/sources_1/bd/top/ipshared/f0b6/hdl/sc_util_v1_0_vl_rfs.sv:305]
WARNING: [Synth 8-11067] parameter 'K_USABLE_T_DATA_SIDEBAND_WIDTH' declared inside package 'sc_util_v1_0_4_pkg' shall be treated as localparam [/home/bouthsarath/ibert_dfe/prj/zubpm_hw/zubpm_hw.gen/sources_1/bd/top/ipshared/f0b6/hdl/sc_util_v1_0_vl_rfs.sv:308]
WARNING: [Synth 8-11067] parameter 'K_USABLE_T_BRSP_SIDEBAND_WIDTH' declared inside package 'sc_util_v1_0_4_pkg' shall be treated as localparam [/home/bouthsarath/ibert_dfe/prj/zubpm_hw/zubpm_hw.gen/sources_1/bd/top/ipshared/f0b6/hdl/sc_util_v1_0_vl_rfs.sv:310]
WARNING: [Synth 8-11067] parameter 'K_T_SIDEBAND_WIDTH' declared inside package 'sc_util_v1_0_4_pkg' shall be treated as localparam [/home/bouthsarath/ibert_dfe/prj/zubpm_hw/zubpm_hw.gen/sources_1/bd/top/ipshared/f0b6/hdl/sc_util_v1_0_vl_rfs.sv:313]
WARNING: [Synth 8-11067] parameter 'K_USABLE_T_AXPAYLD_WIDTH' declared inside package 'sc_util_v1_0_4_pkg' shall be treated as localparam [/home/bouthsarath/ibert_dfe/prj/zubpm_hw/zubpm_hw.gen/sources_1/bd/top/ipshared/f0b6/hdl/sc_util_v1_0_vl_rfs.sv:341]
WARNING: [Synth 8-11067] parameter 'K_USABLE_T_WPAYLD_WIDTH' declared inside package 'sc_util_v1_0_4_pkg' shall be treated as localparam [/home/bouthsarath/ibert_dfe/prj/zubpm_hw/zubpm_hw.gen/sources_1/bd/top/ipshared/f0b6/hdl/sc_util_v1_0_vl_rfs.sv:348]
WARNING: [Synth 8-11067] parameter 'K_USABLE_T_RPAYLD_WIDTH' declared inside package 'sc_util_v1_0_4_pkg' shall be treated as localparam [/home/bouthsarath/ibert_dfe/prj/zubpm_hw/zubpm_hw.gen/sources_1/bd/top/ipshared/f0b6/hdl/sc_util_v1_0_vl_rfs.sv:352]
WARNING: [Synth 8-11067] parameter 'K_USABLE_T_BPAYLD_WIDTH' declared inside package 'sc_util_v1_0_4_pkg' shall be treated as localparam [/home/bouthsarath/ibert_dfe/prj/zubpm_hw/zubpm_hw.gen/sources_1/bd/top/ipshared/f0b6/hdl/sc_util_v1_0_vl_rfs.sv:357]
WARNING: [Synth 8-11067] parameter 'K_T_PAYLD_WIDTH' declared inside package 'sc_util_v1_0_4_pkg' shall be treated as localparam [/home/bouthsarath/ibert_dfe/prj/zubpm_hw/zubpm_hw.gen/sources_1/bd/top/ipshared/f0b6/hdl/sc_util_v1_0_vl_rfs.sv:361]
WARNING: [Synth 8-11067] parameter 'K_MAX_PAYLD_WIDTH' declared inside package 'sc_util_v1_0_4_pkg' shall be treated as localparam [/home/bouthsarath/ibert_dfe/prj/zubpm_hw/zubpm_hw.gen/sources_1/bd/top/ipshared/f0b6/hdl/sc_util_v1_0_vl_rfs.sv:362]
WARNING: [Synth 8-11067] parameter 'K_USABLE_T_AXVECTOR_WIDTH' declared inside package 'sc_util_v1_0_4_pkg' shall be treated as localparam [/home/bouthsarath/ibert_dfe/prj/zubpm_hw/zubpm_hw.gen/sources_1/bd/top/ipshared/f0b6/hdl/sc_util_v1_0_vl_rfs.sv:547]
WARNING: [Synth 8-11067] parameter 'K_USABLE_T_WVECTOR_WIDTH' declared inside package 'sc_util_v1_0_4_pkg' shall be treated as localparam [/home/bouthsarath/ibert_dfe/prj/zubpm_hw/zubpm_hw.gen/sources_1/bd/top/ipshared/f0b6/hdl/sc_util_v1_0_vl_rfs.sv:557]
WARNING: [Synth 8-11067] parameter 'K_USABLE_T_RVECTOR_WIDTH' declared inside package 'sc_util_v1_0_4_pkg' shall be treated as localparam [/home/bouthsarath/ibert_dfe/prj/zubpm_hw/zubpm_hw.gen/sources_1/bd/top/ipshared/f0b6/hdl/sc_util_v1_0_vl_rfs.sv:561]
WARNING: [Synth 8-11067] parameter 'K_USABLE_T_BVECTOR_WIDTH' declared inside package 'sc_util_v1_0_4_pkg' shall be treated as localparam [/home/bouthsarath/ibert_dfe/prj/zubpm_hw/zubpm_hw.gen/sources_1/bd/top/ipshared/f0b6/hdl/sc_util_v1_0_vl_rfs.sv:566]
WARNING: [Synth 8-11067] parameter 'K_STATIC_AXVECTOR_WIDTH' declared inside package 'sc_util_v1_0_4_pkg' shall be treated as localparam [/home/bouthsarath/ibert_dfe/prj/zubpm_hw/zubpm_hw.gen/sources_1/bd/top/ipshared/f0b6/hdl/sc_util_v1_0_vl_rfs.sv:574]
WARNING: [Synth 8-11067] parameter 'K_STATIC_WVECTOR_WIDTH' declared inside package 'sc_util_v1_0_4_pkg' shall be treated as localparam [/home/bouthsarath/ibert_dfe/prj/zubpm_hw/zubpm_hw.gen/sources_1/bd/top/ipshared/f0b6/hdl/sc_util_v1_0_vl_rfs.sv:584]
WARNING: [Synth 8-11067] parameter 'K_STATIC_RVECTOR_WIDTH' declared inside package 'sc_util_v1_0_4_pkg' shall be treated as localparam [/home/bouthsarath/ibert_dfe/prj/zubpm_hw/zubpm_hw.gen/sources_1/bd/top/ipshared/f0b6/hdl/sc_util_v1_0_vl_rfs.sv:588]
WARNING: [Synth 8-11067] parameter 'K_STATIC_BVECTOR_WIDTH' declared inside package 'sc_util_v1_0_4_pkg' shall be treated as localparam [/home/bouthsarath/ibert_dfe/prj/zubpm_hw/zubpm_hw.gen/sources_1/bd/top/ipshared/f0b6/hdl/sc_util_v1_0_vl_rfs.sv:593]
WARNING: [Synth 8-11067] parameter 'K_T_VECTOR_WIDTH' declared inside package 'sc_util_v1_0_4_pkg' shall be treated as localparam [/home/bouthsarath/ibert_dfe/prj/zubpm_hw/zubpm_hw.gen/sources_1/bd/top/ipshared/f0b6/hdl/sc_util_v1_0_vl_rfs.sv:596]
WARNING: [Synth 8-11067] parameter 'K_MAX_VECTOR_WIDTH' declared inside package 'sc_util_v1_0_4_pkg' shall be treated as localparam [/home/bouthsarath/ibert_dfe/prj/zubpm_hw/zubpm_hw.gen/sources_1/bd/top/ipshared/f0b6/hdl/sc_util_v1_0_vl_rfs.sv:597]
WARNING: [Synth 8-11067] parameter 'K_MAX_NUM_MNOC' declared inside package 'sc_util_v1_0_4_pkg_noc' shall be treated as localparam [/home/bouthsarath/ibert_dfe/prj/zubpm_hw/zubpm_hw.gen/sources_1/bd/top/ipshared/f0b6/hdl/sc_util_v1_0_vl_rfs.sv:674]
WARNING: [Synth 8-11067] parameter 'K_MAX_NUM_SNOC' declared inside package 'sc_util_v1_0_4_pkg_noc' shall be treated as localparam [/home/bouthsarath/ibert_dfe/prj/zubpm_hw/zubpm_hw.gen/sources_1/bd/top/ipshared/f0b6/hdl/sc_util_v1_0_vl_rfs.sv:675]
WARNING: [Synth 8-11067] parameter 'NOC_MAX_SCHED_LEN' declared inside package 'sc_util_v1_0_4_pkg_noc' shall be treated as localparam [/home/bouthsarath/ibert_dfe/prj/zubpm_hw/zubpm_hw.gen/sources_1/bd/top/ipshared/f0b6/hdl/sc_util_v1_0_vl_rfs.sv:676]
WARNING: [Synth 8-11067] parameter 'NOC_MAX_TKN_WIDTH' declared inside package 'sc_util_v1_0_4_pkg_noc' shall be treated as localparam [/home/bouthsarath/ibert_dfe/prj/zubpm_hw/zubpm_hw.gen/sources_1/bd/top/ipshared/f0b6/hdl/sc_util_v1_0_vl_rfs.sv:677]
WARNING: [Synth 8-11067] parameter 'NOC_MAX_RTR_ADDR_WIDTH' declared inside package 'sc_util_v1_0_4_pkg_noc' shall be treated as localparam [/home/bouthsarath/ibert_dfe/prj/zubpm_hw/zubpm_hw.gen/sources_1/bd/top/ipshared/f0b6/hdl/sc_util_v1_0_vl_rfs.sv:678]
WARNING: [Synth 8-11067] parameter 'NOC_PORT_EJECT' declared inside package 'sc_util_v1_0_4_pkg_noc' shall be treated as localparam [/home/bouthsarath/ibert_dfe/prj/zubpm_hw/zubpm_hw.gen/sources_1/bd/top/ipshared/f0b6/hdl/sc_util_v1_0_vl_rfs.sv:679]
WARNING: [Synth 8-11067] parameter 'NOC_PORT_ASCEND' declared inside package 'sc_util_v1_0_4_pkg_noc' shall be treated as localparam [/home/bouthsarath/ibert_dfe/prj/zubpm_hw/zubpm_hw.gen/sources_1/bd/top/ipshared/f0b6/hdl/sc_util_v1_0_vl_rfs.sv:680]
WARNING: [Synth 8-11067] parameter 'NOC_PORT_DESCEND' declared inside package 'sc_util_v1_0_4_pkg_noc' shall be treated as localparam [/home/bouthsarath/ibert_dfe/prj/zubpm_hw/zubpm_hw.gen/sources_1/bd/top/ipshared/f0b6/hdl/sc_util_v1_0_vl_rfs.sv:681]
WARNING: [Synth 8-11067] parameter 'NOC_PORT_THROUGH' declared inside package 'sc_util_v1_0_4_pkg_noc' shall be treated as localparam [/home/bouthsarath/ibert_dfe/prj/zubpm_hw/zubpm_hw.gen/sources_1/bd/top/ipshared/f0b6/hdl/sc_util_v1_0_vl_rfs.sv:682]
WARNING: [Synth 8-11067] parameter 'NOC_TOKEN_THROUGH' declared inside package 'sc_util_v1_0_4_pkg_noc' shall be treated as localparam [/home/bouthsarath/ibert_dfe/prj/zubpm_hw/zubpm_hw.gen/sources_1/bd/top/ipshared/f0b6/hdl/sc_util_v1_0_vl_rfs.sv:683]
WARNING: [Synth 8-11067] parameter 'NOC_TOKEN_ASCEND' declared inside package 'sc_util_v1_0_4_pkg_noc' shall be treated as localparam [/home/bouthsarath/ibert_dfe/prj/zubpm_hw/zubpm_hw.gen/sources_1/bd/top/ipshared/f0b6/hdl/sc_util_v1_0_vl_rfs.sv:684]
WARNING: [Synth 8-11067] parameter 'NOC_TOKEN_DESCEND' declared inside package 'sc_util_v1_0_4_pkg_noc' shall be treated as localparam [/home/bouthsarath/ibert_dfe/prj/zubpm_hw/zubpm_hw.gen/sources_1/bd/top/ipshared/f0b6/hdl/sc_util_v1_0_vl_rfs.sv:685]
INFO: [Common 17-14] Message 'Synth 8-11067' appears 100 times and further instances of the messages will be disabled. Use the Tcl command set_msg_config to change the current settings.
WARNING: [Synth 8-11014] non-net output port 'upsizer_valid' cannot be initialized at declaration in SystemVerilog mode [/home/bouthsarath/ibert_dfe/prj/zubpm_hw/zubpm_hw.gen/sources_1/bd/top/ipshared/66be/hdl/sc_node_v1_0_vl_rfs.sv:2589]
---------------------------------------------------------------------------------
Starting RTL Elaboration : Time (s): cpu = 00:00:02 ; elapsed = 00:00:02 . Memory (MB): peak = 3234.695 ; gain = 238.832 ; free physical = 20120 ; free virtual = 100889
Synthesis current peak Physical Memory [PSS] (MB): peak = 2522.296; parent = 2366.180; children = 156.116
Synthesis current peak Virtual Memory [VSS] (MB): peak = 4223.773; parent = 3250.574; children = 973.199
---------------------------------------------------------------------------------
INFO: [Synth 8-6157] synthesizing module 'top_smartconnect_0_0' [/home/bouthsarath/ibert_dfe/prj/zubpm_hw/zubpm_hw.gen/sources_1/bd/top/ip/top_smartconnect_0_0/synth/top_smartconnect_0_0.v:53]
INFO: [Synth 8-6157] synthesizing module 'bd_acc6' [/home/bouthsarath/ibert_dfe/prj/zubpm_hw/zubpm_hw.gen/sources_1/bd/top/ip/top_smartconnect_0_0/bd_0/synth/bd_acc6.v:9]
INFO: [Synth 8-6157] synthesizing module 'clk_map_imp_RP3AMW' [/home/bouthsarath/ibert_dfe/prj/zubpm_hw/zubpm_hw.gen/sources_1/bd/top/ip/top_smartconnect_0_0/bd_0/synth/bd_acc6.v:803]
INFO: [Synth 8-6157] synthesizing module 'bd_acc6_one_0' [/home/bouthsarath/ibert_dfe/prj/zubpm_hw/zubpm_hw.gen/sources_1/bd/top/ip/top_smartconnect_0_0/bd_0/ip/ip_0/synth/bd_acc6_one_0.v:53]
INFO: [Synth 8-6157] synthesizing module 'xlconstant_v1_1_7_xlconstant' [/home/bouthsarath/ibert_dfe/prj/zubpm_hw/zubpm_hw.gen/sources_1/bd/top/ipshared/badb/hdl/xlconstant_v1_1_vl_rfs.v:23]
INFO: [Synth 8-6155] done synthesizing module 'xlconstant_v1_1_7_xlconstant' (0#1) [/home/bouthsarath/ibert_dfe/prj/zubpm_hw/zubpm_hw.gen/sources_1/bd/top/ipshared/badb/hdl/xlconstant_v1_1_vl_rfs.v:23]
INFO: [Synth 8-6155] done synthesizing module 'bd_acc6_one_0' (0#1) [/home/bouthsarath/ibert_dfe/prj/zubpm_hw/zubpm_hw.gen/sources_1/bd/top/ip/top_smartconnect_0_0/bd_0/ip/ip_0/synth/bd_acc6_one_0.v:53]
INFO: [Synth 8-638] synthesizing module 'bd_acc6_psr_aclk_0' [/home/bouthsarath/ibert_dfe/prj/zubpm_hw/zubpm_hw.gen/sources_1/bd/top/ip/top_smartconnect_0_0/bd_0/ip/ip_1/synth/bd_acc6_psr_aclk_0.vhd:74]
	Parameter C_FAMILY bound to: zynquplus - type: string 
	Parameter C_EXT_RST_WIDTH bound to: 4 - type: integer 
	Parameter C_AUX_RST_WIDTH bound to: 1 - type: integer 
	Parameter C_EXT_RESET_HIGH bound to: 1'b0 
	Parameter C_AUX_RESET_HIGH bound to: 1'b0 
	Parameter C_NUM_BUS_RST bound to: 1 - type: integer 
	Parameter C_NUM_PERP_RST bound to: 1 - type: integer 
	Parameter C_NUM_INTERCONNECT_ARESETN bound to: 1 - type: integer 
	Parameter C_NUM_PERP_ARESETN bound to: 1 - type: integer 
INFO: [Synth 8-3491] module 'proc_sys_reset' declared at '/home/bouthsarath/ibert_dfe/prj/zubpm_hw/zubpm_hw.gen/sources_1/bd/top/ipshared/8842/hdl/proc_sys_reset_v5_0_vh_rfs.vhd:1264' bound to instance 'U0' of component 'proc_sys_reset' [/home/bouthsarath/ibert_dfe/prj/zubpm_hw/zubpm_hw.gen/sources_1/bd/top/ip/top_smartconnect_0_0/bd_0/ip/ip_1/synth/bd_acc6_psr_aclk_0.vhd:129]
INFO: [Synth 8-638] synthesizing module 'proc_sys_reset' [/home/bouthsarath/ibert_dfe/prj/zubpm_hw/zubpm_hw.gen/sources_1/bd/top/ipshared/8842/hdl/proc_sys_reset_v5_0_vh_rfs.vhd:1323]
	Parameter INIT bound to: 1'b1 
INFO: [Synth 8-113] binding component instance 'FDRE_inst' to cell 'FDRE' [/home/bouthsarath/ibert_dfe/prj/zubpm_hw/zubpm_hw.gen/sources_1/bd/top/ipshared/8842/hdl/proc_sys_reset_v5_0_vh_rfs.vhd:1392]
	Parameter INIT bound to: 1'b1 
INFO: [Synth 8-113] binding component instance 'FDRE_BSR' to cell 'FDRE' [/home/bouthsarath/ibert_dfe/prj/zubpm_hw/zubpm_hw.gen/sources_1/bd/top/ipshared/8842/hdl/proc_sys_reset_v5_0_vh_rfs.vhd:1408]
	Parameter INIT bound to: 1'b0 
INFO: [Synth 8-113] binding component instance 'FDRE_BSR_N' to cell 'FDRE' [/home/bouthsarath/ibert_dfe/prj/zubpm_hw/zubpm_hw.gen/sources_1/bd/top/ipshared/8842/hdl/proc_sys_reset_v5_0_vh_rfs.vhd:1434]
	Parameter INIT bound to: 1'b1 
INFO: [Synth 8-113] binding component instance 'FDRE_PER' to cell 'FDRE' [/home/bouthsarath/ibert_dfe/prj/zubpm_hw/zubpm_hw.gen/sources_1/bd/top/ipshared/8842/hdl/proc_sys_reset_v5_0_vh_rfs.vhd:1457]
	Parameter INIT bound to: 1'b0 
INFO: [Synth 8-113] binding component instance 'FDRE_PER_N' to cell 'FDRE' [/home/bouthsarath/ibert_dfe/prj/zubpm_hw/zubpm_hw.gen/sources_1/bd/top/ipshared/8842/hdl/proc_sys_reset_v5_0_vh_rfs.vhd:1481]
INFO: [Synth 8-638] synthesizing module 'lpf' [/home/bouthsarath/ibert_dfe/prj/zubpm_hw/zubpm_hw.gen/sources_1/bd/top/ipshared/8842/hdl/proc_sys_reset_v5_0_vh_rfs.vhd:816]
INFO: [Synth 8-3491] module 'SRL16' declared at '/tools/Xilinx/Vivado/2022.2/scripts/rt/data/unisim_comp.v:131628' bound to instance 'POR_SRL_I' of component 'SRL16' [/home/bouthsarath/ibert_dfe/prj/zubpm_hw/zubpm_hw.gen/sources_1/bd/top/ipshared/8842/hdl/proc_sys_reset_v5_0_vh_rfs.vhd:868]
INFO: [Synth 8-6157] synthesizing module 'SRL16' [/tools/Xilinx/Vivado/2022.2/scripts/rt/data/unisim_comp.v:131628]
INFO: [Synth 8-6155] done synthesizing module 'SRL16' (0#1) [/tools/Xilinx/Vivado/2022.2/scripts/rt/data/unisim_comp.v:131628]
INFO: [Synth 8-638] synthesizing module 'cdc_sync' [/home/bouthsarath/ibert_dfe/prj/zubpm_hw/zubpm_hw.gen/sources_1/bd/top/ipshared/ef1e/hdl/lib_cdc_v1_0_rfs.vhd:106]
	Parameter INIT bound to: 1'b0 
INFO: [Synth 8-113] binding component instance 'CROSS_PLEVEL_IN2SCNDRY_IN_cdc_to' to cell 'FDR' [/home/bouthsarath/ibert_dfe/prj/zubpm_hw/zubpm_hw.gen/sources_1/bd/top/ipshared/ef1e/hdl/lib_cdc_v1_0_rfs.vhd:514]
	Parameter INIT bound to: 1'b0 
INFO: [Synth 8-113] binding component instance 'CROSS_PLEVEL_IN2SCNDRY_s_level_out_d2' to cell 'FDR' [/home/bouthsarath/ibert_dfe/prj/zubpm_hw/zubpm_hw.gen/sources_1/bd/top/ipshared/ef1e/hdl/lib_cdc_v1_0_rfs.vhd:545]
	Parameter INIT bound to: 1'b0 
INFO: [Synth 8-113] binding component instance 'CROSS_PLEVEL_IN2SCNDRY_s_level_out_d3' to cell 'FDR' [/home/bouthsarath/ibert_dfe/prj/zubpm_hw/zubpm_hw.gen/sources_1/bd/top/ipshared/ef1e/hdl/lib_cdc_v1_0_rfs.vhd:554]
	Parameter INIT bound to: 1'b0 
INFO: [Synth 8-113] binding component instance 'CROSS_PLEVEL_IN2SCNDRY_s_level_out_d4' to cell 'FDR' [/home/bouthsarath/ibert_dfe/prj/zubpm_hw/zubpm_hw.gen/sources_1/bd/top/ipshared/ef1e/hdl/lib_cdc_v1_0_rfs.vhd:564]
	Parameter INIT bound to: 1'b0 
INFO: [Synth 8-113] binding component instance 'CROSS_PLEVEL_IN2SCNDRY_s_level_out_d5' to cell 'FDR' [/home/bouthsarath/ibert_dfe/prj/zubpm_hw/zubpm_hw.gen/sources_1/bd/top/ipshared/ef1e/hdl/lib_cdc_v1_0_rfs.vhd:574]
	Parameter INIT bound to: 1'b0 
INFO: [Synth 8-113] binding component instance 'CROSS_PLEVEL_IN2SCNDRY_s_level_out_d6' to cell 'FDR' [/home/bouthsarath/ibert_dfe/prj/zubpm_hw/zubpm_hw.gen/sources_1/bd/top/ipshared/ef1e/hdl/lib_cdc_v1_0_rfs.vhd:584]
INFO: [Synth 8-256] done synthesizing module 'cdc_sync' (0#1) [/home/bouthsarath/ibert_dfe/prj/zubpm_hw/zubpm_hw.gen/sources_1/bd/top/ipshared/ef1e/hdl/lib_cdc_v1_0_rfs.vhd:106]
INFO: [Synth 8-256] done synthesizing module 'lpf' (0#1) [/home/bouthsarath/ibert_dfe/prj/zubpm_hw/zubpm_hw.gen/sources_1/bd/top/ipshared/8842/hdl/proc_sys_reset_v5_0_vh_rfs.vhd:816]
INFO: [Synth 8-638] synthesizing module 'sequence_psr' [/home/bouthsarath/ibert_dfe/prj/zubpm_hw/zubpm_hw.gen/sources_1/bd/top/ipshared/8842/hdl/proc_sys_reset_v5_0_vh_rfs.vhd:301]
INFO: [Synth 8-638] synthesizing module 'upcnt_n' [/home/bouthsarath/ibert_dfe/prj/zubpm_hw/zubpm_hw.gen/sources_1/bd/top/ipshared/8842/hdl/proc_sys_reset_v5_0_vh_rfs.vhd:125]
INFO: [Synth 8-256] done synthesizing module 'upcnt_n' (0#1) [/home/bouthsarath/ibert_dfe/prj/zubpm_hw/zubpm_hw.gen/sources_1/bd/top/ipshared/8842/hdl/proc_sys_reset_v5_0_vh_rfs.vhd:125]
INFO: [Synth 8-256] done synthesizing module 'sequence_psr' (0#1) [/home/bouthsarath/ibert_dfe/prj/zubpm_hw/zubpm_hw.gen/sources_1/bd/top/ipshared/8842/hdl/proc_sys_reset_v5_0_vh_rfs.vhd:301]
INFO: [Synth 8-256] done synthesizing module 'proc_sys_reset' (0#1) [/home/bouthsarath/ibert_dfe/prj/zubpm_hw/zubpm_hw.gen/sources_1/bd/top/ipshared/8842/hdl/proc_sys_reset_v5_0_vh_rfs.vhd:1323]
INFO: [Synth 8-256] done synthesizing module 'bd_acc6_psr_aclk_0' (0#1) [/home/bouthsarath/ibert_dfe/prj/zubpm_hw/zubpm_hw.gen/sources_1/bd/top/ip/top_smartconnect_0_0/bd_0/ip/ip_1/synth/bd_acc6_psr_aclk_0.vhd:74]
WARNING: [Synth 8-7071] port 'mb_reset' of module 'bd_acc6_psr_aclk_0' is unconnected for instance 'psr_aclk' [/home/bouthsarath/ibert_dfe/prj/zubpm_hw/zubpm_hw.gen/sources_1/bd/top/ip/top_smartconnect_0_0/bd_0/synth/bd_acc6.v:838]
WARNING: [Synth 8-7071] port 'bus_struct_reset' of module 'bd_acc6_psr_aclk_0' is unconnected for instance 'psr_aclk' [/home/bouthsarath/ibert_dfe/prj/zubpm_hw/zubpm_hw.gen/sources_1/bd/top/ip/top_smartconnect_0_0/bd_0/synth/bd_acc6.v:838]
WARNING: [Synth 8-7071] port 'peripheral_reset' of module 'bd_acc6_psr_aclk_0' is unconnected for instance 'psr_aclk' [/home/bouthsarath/ibert_dfe/prj/zubpm_hw/zubpm_hw.gen/sources_1/bd/top/ip/top_smartconnect_0_0/bd_0/synth/bd_acc6.v:838]
WARNING: [Synth 8-7071] port 'peripheral_aresetn' of module 'bd_acc6_psr_aclk_0' is unconnected for instance 'psr_aclk' [/home/bouthsarath/ibert_dfe/prj/zubpm_hw/zubpm_hw.gen/sources_1/bd/top/ip/top_smartconnect_0_0/bd_0/synth/bd_acc6.v:838]
WARNING: [Synth 8-7023] instance 'psr_aclk' of module 'bd_acc6_psr_aclk_0' has 10 connections declared, but only 6 given [/home/bouthsarath/ibert_dfe/prj/zubpm_hw/zubpm_hw.gen/sources_1/bd/top/ip/top_smartconnect_0_0/bd_0/synth/bd_acc6.v:838]
INFO: [Synth 8-6155] done synthesizing module 'clk_map_imp_RP3AMW' (0#1) [/home/bouthsarath/ibert_dfe/prj/zubpm_hw/zubpm_hw.gen/sources_1/bd/top/ip/top_smartconnect_0_0/bd_0/synth/bd_acc6.v:803]
INFO: [Synth 8-6157] synthesizing module 'm00_exit_pipeline_imp_1755AO3' [/home/bouthsarath/ibert_dfe/prj/zubpm_hw/zubpm_hw.gen/sources_1/bd/top/ip/top_smartconnect_0_0/bd_0/synth/bd_acc6.v:847]
INFO: [Synth 8-6157] synthesizing module 'bd_acc6_m00e_0' [/home/bouthsarath/ibert_dfe/prj/zubpm_hw/zubpm_hw.gen/sources_1/bd/top/ip/top_smartconnect_0_0/bd_0/ip/ip_12/synth/bd_acc6_m00e_0.sv:53]
INFO: [Synth 8-6157] synthesizing module 'xpm_cdc_async_rst' [/tools/Xilinx/Vivado/2022.2/data/ip/xpm/xpm_cdc/hdl/xpm_cdc.sv:1174]
INFO: [Synth 8-6155] done synthesizing module 'xpm_cdc_async_rst' (0#1) [/tools/Xilinx/Vivado/2022.2/data/ip/xpm/xpm_cdc/hdl/xpm_cdc.sv:1174]
INFO: [Synth 8-6155] done synthesizing module 'bd_acc6_m00e_0' (0#1) [/home/bouthsarath/ibert_dfe/prj/zubpm_hw/zubpm_hw.gen/sources_1/bd/top/ip/top_smartconnect_0_0/bd_0/ip/ip_12/synth/bd_acc6_m00e_0.sv:53]
INFO: [Synth 8-6155] done synthesizing module 'm00_exit_pipeline_imp_1755AO3' (0#1) [/home/bouthsarath/ibert_dfe/prj/zubpm_hw/zubpm_hw.gen/sources_1/bd/top/ip/top_smartconnect_0_0/bd_0/synth/bd_acc6.v:847]
INFO: [Synth 8-6157] synthesizing module 'bd_acc6_m00s2a_0' [/home/bouthsarath/ibert_dfe/prj/zubpm_hw/zubpm_hw.gen/sources_1/bd/top/ip/top_smartconnect_0_0/bd_0/ip/ip_11/synth/bd_acc6_m00s2a_0.sv:53]
INFO: [Synth 8-6155] done synthesizing module 'bd_acc6_m00s2a_0' (0#1) [/home/bouthsarath/ibert_dfe/prj/zubpm_hw/zubpm_hw.gen/sources_1/bd/top/ip/top_smartconnect_0_0/bd_0/ip/ip_11/synth/bd_acc6_m00s2a_0.sv:53]
INFO: [Synth 8-6157] synthesizing module 'bd_acc6_s00a2s_0' [/home/bouthsarath/ibert_dfe/prj/zubpm_hw/zubpm_hw.gen/sources_1/bd/top/ip/top_smartconnect_0_0/bd_0/ip/ip_5/synth/bd_acc6_s00a2s_0.sv:53]
INFO: [Synth 8-6155] done synthesizing module 'bd_acc6_s00a2s_0' (0#1) [/home/bouthsarath/ibert_dfe/prj/zubpm_hw/zubpm_hw.gen/sources_1/bd/top/ip/top_smartconnect_0_0/bd_0/ip/ip_5/synth/bd_acc6_s00a2s_0.sv:53]
INFO: [Synth 8-6157] synthesizing module 's00_entry_pipeline_imp_6R12KG' [/home/bouthsarath/ibert_dfe/prj/zubpm_hw/zubpm_hw.gen/sources_1/bd/top/ip/top_smartconnect_0_0/bd_0/synth/bd_acc6.v:1228]
INFO: [Synth 8-6157] synthesizing module 'bd_acc6_s00mmu_0' [/home/bouthsarath/ibert_dfe/prj/zubpm_hw/zubpm_hw.gen/sources_1/bd/top/ip/top_smartconnect_0_0/bd_0/ip/ip_2/synth/bd_acc6_s00mmu_0.sv:53]
INFO: [Synth 8-6155] done synthesizing module 'bd_acc6_s00mmu_0' (0#1) [/home/bouthsarath/ibert_dfe/prj/zubpm_hw/zubpm_hw.gen/sources_1/bd/top/ip/top_smartconnect_0_0/bd_0/ip/ip_2/synth/bd_acc6_s00mmu_0.sv:53]
INFO: [Synth 8-6157] synthesizing module 'bd_acc6_s00sic_0' [/home/bouthsarath/ibert_dfe/prj/zubpm_hw/zubpm_hw.gen/sources_1/bd/top/ip/top_smartconnect_0_0/bd_0/ip/ip_4/synth/bd_acc6_s00sic_0.sv:53]
INFO: [Synth 8-6155] done synthesizing module 'bd_acc6_s00sic_0' (0#1) [/home/bouthsarath/ibert_dfe/prj/zubpm_hw/zubpm_hw.gen/sources_1/bd/top/ip/top_smartconnect_0_0/bd_0/ip/ip_4/synth/bd_acc6_s00sic_0.sv:53]
INFO: [Synth 8-6157] synthesizing module 'bd_acc6_s00tr_0' [/home/bouthsarath/ibert_dfe/prj/zubpm_hw/zubpm_hw.gen/sources_1/bd/top/ip/top_smartconnect_0_0/bd_0/ip/ip_3/synth/bd_acc6_s00tr_0.sv:53]
INFO: [Synth 8-6155] done synthesizing module 'bd_acc6_s00tr_0' (0#1) [/home/bouthsarath/ibert_dfe/prj/zubpm_hw/zubpm_hw.gen/sources_1/bd/top/ip/top_smartconnect_0_0/bd_0/ip/ip_3/synth/bd_acc6_s00tr_0.sv:53]
INFO: [Synth 8-6155] done synthesizing module 's00_entry_pipeline_imp_6R12KG' (0#1) [/home/bouthsarath/ibert_dfe/prj/zubpm_hw/zubpm_hw.gen/sources_1/bd/top/ip/top_smartconnect_0_0/bd_0/synth/bd_acc6.v:1228]
INFO: [Synth 8-6157] synthesizing module 's00_nodes_imp_3V4TWA' [/home/bouthsarath/ibert_dfe/prj/zubpm_hw/zubpm_hw.gen/sources_1/bd/top/ip/top_smartconnect_0_0/bd_0/synth/bd_acc6.v:1887]
INFO: [Synth 8-6157] synthesizing module 'bd_acc6_sarn_0' [/home/bouthsarath/ibert_dfe/prj/zubpm_hw/zubpm_hw.gen/sources_1/bd/top/ip/top_smartconnect_0_0/bd_0/ip/ip_6/synth/bd_acc6_sarn_0.sv:53]
INFO: [Synth 8-6157] synthesizing module 'xpm_memory_sdpram' [/tools/Xilinx/Vivado/2022.2/data/ip/xpm/xpm_memory/hdl/xpm_memory.sv:8476]
INFO: [Synth 8-6157] synthesizing module 'xpm_memory_base' [/tools/Xilinx/Vivado/2022.2/data/ip/xpm/xpm_memory/hdl/xpm_memory.sv:56]
INFO: [Synth 8-6155] done synthesizing module 'xpm_memory_base' (0#1) [/tools/Xilinx/Vivado/2022.2/data/ip/xpm/xpm_memory/hdl/xpm_memory.sv:56]
INFO: [Synth 8-6155] done synthesizing module 'xpm_memory_sdpram' (0#1) [/tools/Xilinx/Vivado/2022.2/data/ip/xpm/xpm_memory/hdl/xpm_memory.sv:8476]
INFO: [Synth 8-6155] done synthesizing module 'bd_acc6_sarn_0' (0#1) [/home/bouthsarath/ibert_dfe/prj/zubpm_hw/zubpm_hw.gen/sources_1/bd/top/ip/top_smartconnect_0_0/bd_0/ip/ip_6/synth/bd_acc6_sarn_0.sv:53]
INFO: [Synth 8-6157] synthesizing module 'bd_acc6_sawn_0' [/home/bouthsarath/ibert_dfe/prj/zubpm_hw/zubpm_hw.gen/sources_1/bd/top/ip/top_smartconnect_0_0/bd_0/ip/ip_8/synth/bd_acc6_sawn_0.sv:53]
INFO: [Synth 8-6155] done synthesizing module 'bd_acc6_sawn_0' (0#1) [/home/bouthsarath/ibert_dfe/prj/zubpm_hw/zubpm_hw.gen/sources_1/bd/top/ip/top_smartconnect_0_0/bd_0/ip/ip_8/synth/bd_acc6_sawn_0.sv:53]
INFO: [Synth 8-6157] synthesizing module 'bd_acc6_sbn_0' [/home/bouthsarath/ibert_dfe/prj/zubpm_hw/zubpm_hw.gen/sources_1/bd/top/ip/top_smartconnect_0_0/bd_0/ip/ip_10/synth/bd_acc6_sbn_0.sv:53]
INFO: [Synth 8-6157] synthesizing module 'xpm_memory_sdpram__parameterized0' [/tools/Xilinx/Vivado/2022.2/data/ip/xpm/xpm_memory/hdl/xpm_memory.sv:8476]
INFO: [Synth 8-6157] synthesizing module 'xpm_memory_base__parameterized0' [/tools/Xilinx/Vivado/2022.2/data/ip/xpm/xpm_memory/hdl/xpm_memory.sv:56]
INFO: [Synth 8-6155] done synthesizing module 'xpm_memory_base__parameterized0' (0#1) [/tools/Xilinx/Vivado/2022.2/data/ip/xpm/xpm_memory/hdl/xpm_memory.sv:56]
INFO: [Synth 8-6155] done synthesizing module 'xpm_memory_sdpram__parameterized0' (0#1) [/tools/Xilinx/Vivado/2022.2/data/ip/xpm/xpm_memory/hdl/xpm_memory.sv:8476]
INFO: [Synth 8-6155] done synthesizing module 'bd_acc6_sbn_0' (0#1) [/home/bouthsarath/ibert_dfe/prj/zubpm_hw/zubpm_hw.gen/sources_1/bd/top/ip/top_smartconnect_0_0/bd_0/ip/ip_10/synth/bd_acc6_sbn_0.sv:53]
INFO: [Synth 8-6157] synthesizing module 'bd_acc6_srn_0' [/home/bouthsarath/ibert_dfe/prj/zubpm_hw/zubpm_hw.gen/sources_1/bd/top/ip/top_smartconnect_0_0/bd_0/ip/ip_7/synth/bd_acc6_srn_0.sv:53]
INFO: [Synth 8-6157] synthesizing module 'xpm_memory_sdpram__parameterized1' [/tools/Xilinx/Vivado/2022.2/data/ip/xpm/xpm_memory/hdl/xpm_memory.sv:8476]
INFO: [Synth 8-6157] synthesizing module 'xpm_memory_base__parameterized1' [/tools/Xilinx/Vivado/2022.2/data/ip/xpm/xpm_memory/hdl/xpm_memory.sv:56]
INFO: [Synth 8-6155] done synthesizing module 'xpm_memory_base__parameterized1' (0#1) [/tools/Xilinx/Vivado/2022.2/data/ip/xpm/xpm_memory/hdl/xpm_memory.sv:56]
INFO: [Synth 8-6155] done synthesizing module 'xpm_memory_sdpram__parameterized1' (0#1) [/tools/Xilinx/Vivado/2022.2/data/ip/xpm/xpm_memory/hdl/xpm_memory.sv:8476]
INFO: [Synth 8-6155] done synthesizing module 'bd_acc6_srn_0' (0#1) [/home/bouthsarath/ibert_dfe/prj/zubpm_hw/zubpm_hw.gen/sources_1/bd/top/ip/top_smartconnect_0_0/bd_0/ip/ip_7/synth/bd_acc6_srn_0.sv:53]
INFO: [Synth 8-6157] synthesizing module 'bd_acc6_swn_0' [/home/bouthsarath/ibert_dfe/prj/zubpm_hw/zubpm_hw.gen/sources_1/bd/top/ip/top_smartconnect_0_0/bd_0/ip/ip_9/synth/bd_acc6_swn_0.sv:53]
INFO: [Synth 8-6157] synthesizing module 'xpm_memory_sdpram__parameterized2' [/tools/Xilinx/Vivado/2022.2/data/ip/xpm/xpm_memory/hdl/xpm_memory.sv:8476]
INFO: [Synth 8-6157] synthesizing module 'xpm_memory_base__parameterized2' [/tools/Xilinx/Vivado/2022.2/data/ip/xpm/xpm_memory/hdl/xpm_memory.sv:56]
INFO: [Synth 8-6155] done synthesizing module 'xpm_memory_base__parameterized2' (0#1) [/tools/Xilinx/Vivado/2022.2/data/ip/xpm/xpm_memory/hdl/xpm_memory.sv:56]
INFO: [Synth 8-6155] done synthesizing module 'xpm_memory_sdpram__parameterized2' (0#1) [/tools/Xilinx/Vivado/2022.2/data/ip/xpm/xpm_memory/hdl/xpm_memory.sv:8476]
INFO: [Synth 8-6155] done synthesizing module 'bd_acc6_swn_0' (0#1) [/home/bouthsarath/ibert_dfe/prj/zubpm_hw/zubpm_hw.gen/sources_1/bd/top/ip/top_smartconnect_0_0/bd_0/ip/ip_9/synth/bd_acc6_swn_0.sv:53]
INFO: [Synth 8-6155] done synthesizing module 's00_nodes_imp_3V4TWA' (0#1) [/home/bouthsarath/ibert_dfe/prj/zubpm_hw/zubpm_hw.gen/sources_1/bd/top/ip/top_smartconnect_0_0/bd_0/synth/bd_acc6.v:1887]
INFO: [Synth 8-6155] done synthesizing module 'bd_acc6' (0#1) [/home/bouthsarath/ibert_dfe/prj/zubpm_hw/zubpm_hw.gen/sources_1/bd/top/ip/top_smartconnect_0_0/bd_0/synth/bd_acc6.v:9]
INFO: [Synth 8-6155] done synthesizing module 'top_smartconnect_0_0' (0#1) [/home/bouthsarath/ibert_dfe/prj/zubpm_hw/zubpm_hw.gen/sources_1/bd/top/ip/top_smartconnect_0_0/synth/top_smartconnect_0_0.v:53]
WARNING: [Synth 8-3848] Net aresetn_out in module/entity clk_map_imp_RP3AMW does not have driver. [/home/bouthsarath/ibert_dfe/prj/zubpm_hw/zubpm_hw.gen/sources_1/bd/top/ip/top_smartconnect_0_0/bd_0/synth/bd_acc6.v:819]
WARNING: [Synth 8-7129] Port din[0] in module sc_util_v1_0_4_onehot_to_binary is either unconnected or has no load
WARNING: [Synth 8-7129] Port aclk in module sc_util_v1_0_4_pipeline__parameterized0 is either unconnected or has no load
WARNING: [Synth 8-7129] Port aclken in module sc_util_v1_0_4_pipeline__parameterized0 is either unconnected or has no load
WARNING: [Synth 8-7129] Port areset in module sc_util_v1_0_4_pipeline__parameterized0 is either unconnected or has no load
WARNING: [Synth 8-7129] Port sleep in module xpm_memory_base__parameterized2 is either unconnected or has no load
WARNING: [Synth 8-7129] Port rsta in module xpm_memory_base__parameterized2 is either unconnected or has no load
WARNING: [Synth 8-7129] Port regcea in module xpm_memory_base__parameterized2 is either unconnected or has no load
WARNING: [Synth 8-7129] Port injectsbiterra in module xpm_memory_base__parameterized2 is either unconnected or has no load
WARNING: [Synth 8-7129] Port injectdbiterra in module xpm_memory_base__parameterized2 is either unconnected or has no load
WARNING: [Synth 8-7129] Port clkb in module xpm_memory_base__parameterized2 is either unconnected or has no load
WARNING: [Synth 8-7129] Port regceb in module xpm_memory_base__parameterized2 is either unconnected or has no load
WARNING: [Synth 8-7129] Port web[0] in module xpm_memory_base__parameterized2 is either unconnected or has no load
WARNING: [Synth 8-7129] Port dinb[69] in module xpm_memory_base__parameterized2 is either unconnected or has no load
WARNING: [Synth 8-7129] Port dinb[68] in module xpm_memory_base__parameterized2 is either unconnected or has no load
WARNING: [Synth 8-7129] Port dinb[67] in module xpm_memory_base__parameterized2 is either unconnected or has no load
WARNING: [Synth 8-7129] Port dinb[66] in module xpm_memory_base__parameterized2 is either unconnected or has no load
WARNING: [Synth 8-7129] Port dinb[65] in module xpm_memory_base__parameterized2 is either unconnected or has no load
WARNING: [Synth 8-7129] Port dinb[64] in module xpm_memory_base__parameterized2 is either unconnected or has no load
WARNING: [Synth 8-7129] Port dinb[63] in module xpm_memory_base__parameterized2 is either unconnected or has no load
WARNING: [Synth 8-7129] Port dinb[62] in module xpm_memory_base__parameterized2 is either unconnected or has no load
WARNING: [Synth 8-7129] Port dinb[61] in module xpm_memory_base__parameterized2 is either unconnected or has no load
WARNING: [Synth 8-7129] Port dinb[60] in module xpm_memory_base__parameterized2 is either unconnected or has no load
WARNING: [Synth 8-7129] Port dinb[59] in module xpm_memory_base__parameterized2 is either unconnected or has no load
WARNING: [Synth 8-7129] Port dinb[58] in module xpm_memory_base__parameterized2 is either unconnected or has no load
WARNING: [Synth 8-7129] Port dinb[57] in module xpm_memory_base__parameterized2 is either unconnected or has no load
WARNING: [Synth 8-7129] Port dinb[56] in module xpm_memory_base__parameterized2 is either unconnected or has no load
WARNING: [Synth 8-7129] Port dinb[55] in module xpm_memory_base__parameterized2 is either unconnected or has no load
WARNING: [Synth 8-7129] Port dinb[54] in module xpm_memory_base__parameterized2 is either unconnected or has no load
WARNING: [Synth 8-7129] Port dinb[53] in module xpm_memory_base__parameterized2 is either unconnected or has no load
WARNING: [Synth 8-7129] Port dinb[52] in module xpm_memory_base__parameterized2 is either unconnected or has no load
WARNING: [Synth 8-7129] Port dinb[51] in module xpm_memory_base__parameterized2 is either unconnected or has no load
WARNING: [Synth 8-7129] Port dinb[50] in module xpm_memory_base__parameterized2 is either unconnected or has no load
WARNING: [Synth 8-7129] Port dinb[49] in module xpm_memory_base__parameterized2 is either unconnected or has no load
WARNING: [Synth 8-7129] Port dinb[48] in module xpm_memory_base__parameterized2 is either unconnected or has no load
WARNING: [Synth 8-7129] Port dinb[47] in module xpm_memory_base__parameterized2 is either unconnected or has no load
WARNING: [Synth 8-7129] Port dinb[46] in module xpm_memory_base__parameterized2 is either unconnected or has no load
WARNING: [Synth 8-7129] Port dinb[45] in module xpm_memory_base__parameterized2 is either unconnected or has no load
WARNING: [Synth 8-7129] Port dinb[44] in module xpm_memory_base__parameterized2 is either unconnected or has no load
WARNING: [Synth 8-7129] Port dinb[43] in module xpm_memory_base__parameterized2 is either unconnected or has no load
WARNING: [Synth 8-7129] Port dinb[42] in module xpm_memory_base__parameterized2 is either unconnected or has no load
WARNING: [Synth 8-7129] Port dinb[41] in module xpm_memory_base__parameterized2 is either unconnected or has no load
WARNING: [Synth 8-7129] Port dinb[40] in module xpm_memory_base__parameterized2 is either unconnected or has no load
WARNING: [Synth 8-7129] Port dinb[39] in module xpm_memory_base__parameterized2 is either unconnected or has no load
WARNING: [Synth 8-7129] Port dinb[38] in module xpm_memory_base__parameterized2 is either unconnected or has no load
WARNING: [Synth 8-7129] Port dinb[37] in module xpm_memory_base__parameterized2 is either unconnected or has no load
WARNING: [Synth 8-7129] Port dinb[36] in module xpm_memory_base__parameterized2 is either unconnected or has no load
WARNING: [Synth 8-7129] Port dinb[35] in module xpm_memory_base__parameterized2 is either unconnected or has no load
WARNING: [Synth 8-7129] Port dinb[34] in module xpm_memory_base__parameterized2 is either unconnected or has no load
WARNING: [Synth 8-7129] Port dinb[33] in module xpm_memory_base__parameterized2 is either unconnected or has no load
WARNING: [Synth 8-7129] Port dinb[32] in module xpm_memory_base__parameterized2 is either unconnected or has no load
WARNING: [Synth 8-7129] Port dinb[31] in module xpm_memory_base__parameterized2 is either unconnected or has no load
WARNING: [Synth 8-7129] Port dinb[30] in module xpm_memory_base__parameterized2 is either unconnected or has no load
WARNING: [Synth 8-7129] Port dinb[29] in module xpm_memory_base__parameterized2 is either unconnected or has no load
WARNING: [Synth 8-7129] Port dinb[28] in module xpm_memory_base__parameterized2 is either unconnected or has no load
WARNING: [Synth 8-7129] Port dinb[27] in module xpm_memory_base__parameterized2 is either unconnected or has no load
WARNING: [Synth 8-7129] Port dinb[26] in module xpm_memory_base__parameterized2 is either unconnected or has no load
WARNING: [Synth 8-7129] Port dinb[25] in module xpm_memory_base__parameterized2 is either unconnected or has no load
WARNING: [Synth 8-7129] Port dinb[24] in module xpm_memory_base__parameterized2 is either unconnected or has no load
WARNING: [Synth 8-7129] Port dinb[23] in module xpm_memory_base__parameterized2 is either unconnected or has no load
WARNING: [Synth 8-7129] Port dinb[22] in module xpm_memory_base__parameterized2 is either unconnected or has no load
WARNING: [Synth 8-7129] Port dinb[21] in module xpm_memory_base__parameterized2 is either unconnected or has no load
WARNING: [Synth 8-7129] Port dinb[20] in module xpm_memory_base__parameterized2 is either unconnected or has no load
WARNING: [Synth 8-7129] Port dinb[19] in module xpm_memory_base__parameterized2 is either unconnected or has no load
WARNING: [Synth 8-7129] Port dinb[18] in module xpm_memory_base__parameterized2 is either unconnected or has no load
WARNING: [Synth 8-7129] Port dinb[17] in module xpm_memory_base__parameterized2 is either unconnected or has no load
WARNING: [Synth 8-7129] Port dinb[16] in module xpm_memory_base__parameterized2 is either unconnected or has no load
WARNING: [Synth 8-7129] Port dinb[15] in module xpm_memory_base__parameterized2 is either unconnected or has no load
WARNING: [Synth 8-7129] Port dinb[14] in module xpm_memory_base__parameterized2 is either unconnected or has no load
WARNING: [Synth 8-7129] Port dinb[13] in module xpm_memory_base__parameterized2 is either unconnected or has no load
WARNING: [Synth 8-7129] Port dinb[12] in module xpm_memory_base__parameterized2 is either unconnected or has no load
WARNING: [Synth 8-7129] Port dinb[11] in module xpm_memory_base__parameterized2 is either unconnected or has no load
WARNING: [Synth 8-7129] Port dinb[10] in module xpm_memory_base__parameterized2 is either unconnected or has no load
WARNING: [Synth 8-7129] Port dinb[9] in module xpm_memory_base__parameterized2 is either unconnected or has no load
WARNING: [Synth 8-7129] Port dinb[8] in module xpm_memory_base__parameterized2 is either unconnected or has no load
WARNING: [Synth 8-7129] Port dinb[7] in module xpm_memory_base__parameterized2 is either unconnected or has no load
WARNING: [Synth 8-7129] Port dinb[6] in module xpm_memory_base__parameterized2 is either unconnected or has no load
WARNING: [Synth 8-7129] Port dinb[5] in module xpm_memory_base__parameterized2 is either unconnected or has no load
WARNING: [Synth 8-7129] Port dinb[4] in module xpm_memory_base__parameterized2 is either unconnected or has no load
WARNING: [Synth 8-7129] Port dinb[3] in module xpm_memory_base__parameterized2 is either unconnected or has no load
WARNING: [Synth 8-7129] Port dinb[2] in module xpm_memory_base__parameterized2 is either unconnected or has no load
WARNING: [Synth 8-7129] Port dinb[1] in module xpm_memory_base__parameterized2 is either unconnected or has no load
WARNING: [Synth 8-7129] Port dinb[0] in module xpm_memory_base__parameterized2 is either unconnected or has no load
WARNING: [Synth 8-7129] Port injectsbiterrb in module xpm_memory_base__parameterized2 is either unconnected or has no load
WARNING: [Synth 8-7129] Port injectdbiterrb in module xpm_memory_base__parameterized2 is either unconnected or has no load
WARNING: [Synth 8-7129] Port aclk in module sc_node_v1_0_14_reg_slice3 is either unconnected or has no load
WARNING: [Synth 8-7129] Port aclken in module sc_node_v1_0_14_reg_slice3 is either unconnected or has no load
WARNING: [Synth 8-7129] Port areset in module sc_node_v1_0_14_reg_slice3 is either unconnected or has no load
WARNING: [Synth 8-7129] Port aclk in module sc_util_v1_0_4_pipeline__parameterized5 is either unconnected or has no load
WARNING: [Synth 8-7129] Port aclken in module sc_util_v1_0_4_pipeline__parameterized5 is either unconnected or has no load
WARNING: [Synth 8-7129] Port areset in module sc_util_v1_0_4_pipeline__parameterized5 is either unconnected or has no load
WARNING: [Synth 8-7129] Port s_sc_req[0] in module sc_node_v1_0_14_si_handler__parameterized3 is either unconnected or has no load
WARNING: [Synth 8-7129] Port s_sc_info[0] in module sc_node_v1_0_14_si_handler__parameterized3 is either unconnected or has no load
WARNING: [Synth 8-7129] Port s_axis_arb_tvalid in module sc_node_v1_0_14_si_handler__parameterized3 is either unconnected or has no load
WARNING: [Synth 8-7129] Port s_axis_arb_tdata[15] in module sc_node_v1_0_14_si_handler__parameterized3 is either unconnected or has no load
WARNING: [Synth 8-7129] Port s_axis_arb_tdata[14] in module sc_node_v1_0_14_si_handler__parameterized3 is either unconnected or has no load
WARNING: [Synth 8-7129] Port s_axis_arb_tdata[13] in module sc_node_v1_0_14_si_handler__parameterized3 is either unconnected or has no load
WARNING: [Synth 8-7129] Port s_axis_arb_tdata[12] in module sc_node_v1_0_14_si_handler__parameterized3 is either unconnected or has no load
WARNING: [Synth 8-7129] Port s_axis_arb_tdata[11] in module sc_node_v1_0_14_si_handler__parameterized3 is either unconnected or has no load
WARNING: [Synth 8-7129] Port s_axis_arb_tdata[10] in module sc_node_v1_0_14_si_handler__parameterized3 is either unconnected or has no load
WARNING: [Synth 8-7129] Port s_axis_arb_tdata[9] in module sc_node_v1_0_14_si_handler__parameterized3 is either unconnected or has no load
INFO: [Common 17-14] Message 'Synth 8-7129' appears 100 times and further instances of the messages will be disabled. Use the Tcl command set_msg_config to change the current settings.
---------------------------------------------------------------------------------
Finished RTL Elaboration : Time (s): cpu = 00:00:04 ; elapsed = 00:00:04 . Memory (MB): peak = 3405.539 ; gain = 409.676 ; free physical = 19944 ; free virtual = 100717
Synthesis current peak Physical Memory [PSS] (MB): peak = 2522.296; parent = 2366.180; children = 156.116
Synthesis current peak Virtual Memory [VSS] (MB): peak = 4378.742; parent = 3405.543; children = 973.199
---------------------------------------------------------------------------------
---------------------------------------------------------------------------------
Start Handling Custom Attributes
---------------------------------------------------------------------------------
---------------------------------------------------------------------------------
Finished Handling Custom Attributes : Time (s): cpu = 00:00:04 ; elapsed = 00:00:04 . Memory (MB): peak = 3420.383 ; gain = 424.520 ; free physical = 19944 ; free virtual = 100717
Synthesis current peak Physical Memory [PSS] (MB): peak = 2522.296; parent = 2366.180; children = 156.116
Synthesis current peak Virtual Memory [VSS] (MB): peak = 4393.586; parent = 3420.387; children = 973.199
---------------------------------------------------------------------------------
---------------------------------------------------------------------------------
Finished RTL Optimization Phase 1 : Time (s): cpu = 00:00:04 ; elapsed = 00:00:04 . Memory (MB): peak = 3420.383 ; gain = 424.520 ; free physical = 19944 ; free virtual = 100717
Synthesis current peak Physical Memory [PSS] (MB): peak = 2522.296; parent = 2366.180; children = 156.116
Synthesis current peak Virtual Memory [VSS] (MB): peak = 4393.586; parent = 3420.387; children = 973.199
---------------------------------------------------------------------------------
Netlist sorting complete. Time (s): cpu = 00:00:00.38 ; elapsed = 00:00:00.38 . Memory (MB): peak = 3434.320 ; gain = 0.000 ; free physical = 19950 ; free virtual = 100723
INFO: [Netlist 29-17] Analyzing 13 Unisim elements for replacement
INFO: [Netlist 29-28] Unisim Transformation completed in 0 CPU seconds
INFO: [Project 1-570] Preparing netlist for logic optimization

Processing XDC Constraints
Initializing timing engine
Parsing XDC File [/home/bouthsarath/ibert_dfe/prj/zubpm_hw/zubpm_hw.gen/sources_1/bd/top/ip/top_smartconnect_0_0/ooc.xdc] for cell 'inst'
Finished Parsing XDC File [/home/bouthsarath/ibert_dfe/prj/zubpm_hw/zubpm_hw.gen/sources_1/bd/top/ip/top_smartconnect_0_0/ooc.xdc] for cell 'inst'
Parsing XDC File [/home/bouthsarath/ibert_dfe/prj/zubpm_hw/zubpm_hw.gen/sources_1/bd/top/ip/top_smartconnect_0_0/bd_0/ip/ip_1/bd_acc6_psr_aclk_0_board.xdc] for cell 'inst/clk_map/psr_aclk/U0'
Finished Parsing XDC File [/home/bouthsarath/ibert_dfe/prj/zubpm_hw/zubpm_hw.gen/sources_1/bd/top/ip/top_smartconnect_0_0/bd_0/ip/ip_1/bd_acc6_psr_aclk_0_board.xdc] for cell 'inst/clk_map/psr_aclk/U0'
Parsing XDC File [/home/bouthsarath/ibert_dfe/prj/zubpm_hw/zubpm_hw.gen/sources_1/bd/top/ip/top_smartconnect_0_0/bd_0/ip/ip_1/bd_acc6_psr_aclk_0.xdc] for cell 'inst/clk_map/psr_aclk/U0'
Finished Parsing XDC File [/home/bouthsarath/ibert_dfe/prj/zubpm_hw/zubpm_hw.gen/sources_1/bd/top/ip/top_smartconnect_0_0/bd_0/ip/ip_1/bd_acc6_psr_aclk_0.xdc] for cell 'inst/clk_map/psr_aclk/U0'
Parsing XDC File [/home/bouthsarath/ibert_dfe/prj/zubpm_hw/zubpm_hw.runs/top_smartconnect_0_0_synth_1/dont_touch.xdc]
Finished Parsing XDC File [/home/bouthsarath/ibert_dfe/prj/zubpm_hw/zubpm_hw.runs/top_smartconnect_0_0_synth_1/dont_touch.xdc]
INFO: [Project 1-236] Implementation specific constraints were found while reading constraint file [/tools/Xilinx/Vivado/2022.2/data/ip/xpm/xpm_memory/tcl/xpm_memory_xdc.tcl]. These constraints will be ignored for synthesis but will be used in implementation. Impacted constraints are listed in the file [.Xil/top_smartconnect_0_0_propImpl.xdc].
Resolution: To avoid this warning, move constraints listed in [.Xil/top_smartconnect_0_0_propImpl.xdc] to another XDC file and exclude this new file from synthesis with the used_in_synthesis property (File Properties dialog in GUI) and re-run elaboration/synthesis.
INFO: [Project 1-1714] 19 XPM XDC files have been applied to the design.
Completed Processing XDC Constraints

Netlist sorting complete. Time (s): cpu = 00:00:00 ; elapsed = 00:00:00 . Memory (MB): peak = 3686.852 ; gain = 0.000 ; free physical = 19845 ; free virtual = 100617
INFO: [Project 1-111] Unisim Transformation Summary:
  A total of 13 instances were transformed.
  FDR => FDRE: 12 instances
  SRL16 => SRL16E: 1 instance 

Constraint Validation Runtime : Time (s): cpu = 00:00:00.17 ; elapsed = 00:00:00.08 . Memory (MB): peak = 3690.820 ; gain = 3.969 ; free physical = 19845 ; free virtual = 100617
INFO: [Designutils 20-5008] Incremental synthesis strategy off
INFO: [Synth 8-11241] undeclared symbol 'REGCCE', assumed default net type 'wire' [/tools/Xilinx/Vivado/2022.2/data/verilog/src/unimacro/BRAM_SINGLE_MACRO.v:2170]
---------------------------------------------------------------------------------
Finished Constraint Validation : Time (s): cpu = 00:00:12 ; elapsed = 00:00:12 . Memory (MB): peak = 3690.820 ; gain = 694.957 ; free physical = 20175 ; free virtual = 100948
Synthesis current peak Physical Memory [PSS] (MB): peak = 2664.899; parent = 2508.783; children = 156.116
Synthesis current peak Virtual Memory [VSS] (MB): peak = 4632.008; parent = 3658.809; children = 973.199
---------------------------------------------------------------------------------
---------------------------------------------------------------------------------
Start Loading Part and Timing Information
---------------------------------------------------------------------------------
Loading part: xczu6eg-ffvb1156-1-e
INFO: [Synth 8-6742] Reading net delay rules and data
---------------------------------------------------------------------------------
Finished Loading Part and Timing Information : Time (s): cpu = 00:00:12 ; elapsed = 00:00:12 . Memory (MB): peak = 3690.820 ; gain = 694.957 ; free physical = 20175 ; free virtual = 100948
Synthesis current peak Physical Memory [PSS] (MB): peak = 2664.899; parent = 2508.783; children = 156.116
Synthesis current peak Virtual Memory [VSS] (MB): peak = 4632.008; parent = 3658.809; children = 973.199
---------------------------------------------------------------------------------
---------------------------------------------------------------------------------
Start Applying 'set_property' XDC Constraints
---------------------------------------------------------------------------------
Applied set_property KEEP_HIERARCHY = SOFT for inst. (constraint file  /home/bouthsarath/ibert_dfe/prj/zubpm_hw/zubpm_hw.runs/top_smartconnect_0_0_synth_1/dont_touch.xdc, line 71).
Applied set_property KEEP_HIERARCHY = SOFT for inst/s00_nodes/s00_ar_node/inst/m_sc_xpm_cdc_async_rst_inst. (constraint file  auto generated constraint).
Applied set_property KEEP_HIERARCHY = SOFT for inst/s00_nodes/s00_aw_node/inst/m_sc_xpm_cdc_async_rst_inst. (constraint file  auto generated constraint).
Applied set_property KEEP_HIERARCHY = SOFT for inst/s00_nodes/s00_b_node/inst/m_sc_xpm_cdc_async_rst_inst. (constraint file  auto generated constraint).
Applied set_property KEEP_HIERARCHY = SOFT for inst/s00_nodes/s00_r_node/inst/m_sc_xpm_cdc_async_rst_inst. (constraint file  auto generated constraint).
Applied set_property KEEP_HIERARCHY = SOFT for inst/s00_nodes/s00_w_node/inst/m_sc_xpm_cdc_async_rst_inst. (constraint file  auto generated constraint).
Applied set_property KEEP_HIERARCHY = SOFT for inst/s00_nodes/s00_ar_node/inst/s_sc_xpm_cdc_async_rst_inst. (constraint file  auto generated constraint).
Applied set_property KEEP_HIERARCHY = SOFT for inst/s00_nodes/s00_aw_node/inst/s_sc_xpm_cdc_async_rst_inst. (constraint file  auto generated constraint).
Applied set_property KEEP_HIERARCHY = SOFT for inst/s00_nodes/s00_b_node/inst/s_sc_xpm_cdc_async_rst_inst. (constraint file  auto generated constraint).
Applied set_property KEEP_HIERARCHY = SOFT for inst/s00_nodes/s00_r_node/inst/s_sc_xpm_cdc_async_rst_inst. (constraint file  auto generated constraint).
Applied set_property KEEP_HIERARCHY = SOFT for inst/s00_nodes/s00_w_node/inst/s_sc_xpm_cdc_async_rst_inst. (constraint file  auto generated constraint).
Applied set_property KEEP_HIERARCHY = SOFT for inst/m00_exit_pipeline/m00_exit/inst/xpm_cdc_async_rst_inst. (constraint file  auto generated constraint).
Applied set_property KEEP_HIERARCHY = SOFT for inst/s00_entry_pipeline/s00_mmu/inst/xpm_cdc_async_rst_inst. (constraint file  auto generated constraint).
Applied set_property KEEP_HIERARCHY = SOFT for inst/s00_entry_pipeline/s00_si_converter/inst/xpm_cdc_async_rst_inst. (constraint file  auto generated constraint).
Applied set_property KEEP_HIERARCHY = SOFT for inst/s00_entry_pipeline/s00_transaction_regulator/inst/xpm_cdc_async_rst_inst. (constraint file  auto generated constraint).
Applied set_property KEEP_HIERARCHY = SOFT for inst/s00_nodes/s00_ar_node/inst/inst_mi_handler/\gen_normal_area.inst_fifo_node_payld /\gen_xpm_memory_fifo.inst_fifo /\gen_mem_rep[0].inst_xpm_memory . (constraint file  auto generated constraint).
Applied set_property KEEP_HIERARCHY = SOFT for inst/s00_nodes/s00_aw_node/inst/inst_mi_handler/\gen_normal_area.inst_fifo_node_payld /\gen_xpm_memory_fifo.inst_fifo /\gen_mem_rep[0].inst_xpm_memory . (constraint file  auto generated constraint).
Applied set_property KEEP_HIERARCHY = SOFT for inst/s00_nodes/s00_b_node/inst/inst_mi_handler/\gen_normal_area.inst_fifo_node_payld /\gen_xpm_memory_fifo.inst_fifo /\gen_mem_rep[0].inst_xpm_memory . (constraint file  auto generated constraint).
Applied set_property KEEP_HIERARCHY = SOFT for inst/s00_nodes/s00_r_node/inst/inst_mi_handler/\gen_normal_area.inst_fifo_node_payld /\gen_xpm_memory_fifo.inst_fifo /\gen_mem_rep[0].inst_xpm_memory . (constraint file  auto generated constraint).
Applied set_property KEEP_HIERARCHY = SOFT for inst/s00_nodes/s00_w_node/inst/inst_mi_handler/\gen_normal_area.inst_fifo_node_payld /\gen_xpm_memory_fifo.inst_fifo /\gen_mem_rep[0].inst_xpm_memory . (constraint file  auto generated constraint).
---------------------------------------------------------------------------------
Finished applying 'set_property' XDC Constraints : Time (s): cpu = 00:00:12 ; elapsed = 00:00:12 . Memory (MB): peak = 3690.820 ; gain = 694.957 ; free physical = 20175 ; free virtual = 100948
Synthesis current peak Physical Memory [PSS] (MB): peak = 2664.899; parent = 2508.783; children = 156.116
Synthesis current peak Virtual Memory [VSS] (MB): peak = 4632.008; parent = 3658.809; children = 973.199
---------------------------------------------------------------------------------
INFO: [Synth 8-4490] FSM extraction disabled for register 'gen_pipelined.state_reg' through user attribute
INFO: [Synth 8-4490] FSM extraction disabled for register 'gen_pipelined.state_reg' through user attribute
INFO: [Synth 8-802] inferred FSM for state register 'gen_axi.gen_write.write_cs_reg' in module 'sc_mmu_v1_0_11_decerr_slave'
INFO: [Synth 8-4490] FSM extraction disabled for register 'gen_pipelined.state_reg' through user attribute
INFO: [Synth 8-4490] FSM extraction disabled for register 'gen_pipelined.state_reg' through user attribute
INFO: [Synth 8-4490] FSM extraction disabled for register 'gen_pipelined.state_reg' through user attribute
INFO: [Synth 8-4490] FSM extraction disabled for register 'gen_pipelined.state_reg' through user attribute
---------------------------------------------------------------------------------------------------
                   State |                     New Encoding |                Previous Encoding 
---------------------------------------------------------------------------------------------------
            P_WRITE_IDLE |                              001 |                               00
            P_WRITE_DATA |                              010 |                               01
            P_WRITE_RESP |                              100 |                               10
---------------------------------------------------------------------------------------------------
INFO: [Synth 8-3354] encoded FSM with state register 'gen_axi.gen_write.write_cs_reg' using encoding 'one-hot' in module 'sc_mmu_v1_0_11_decerr_slave'
---------------------------------------------------------------------------------
Finished RTL Optimization Phase 2 : Time (s): cpu = 00:00:13 ; elapsed = 00:00:14 . Memory (MB): peak = 3690.820 ; gain = 694.957 ; free physical = 20161 ; free virtual = 100937
Synthesis current peak Physical Memory [PSS] (MB): peak = 2664.899; parent = 2508.783; children = 156.116
Synthesis current peak Virtual Memory [VSS] (MB): peak = 4632.008; parent = 3658.809; children = 973.199
---------------------------------------------------------------------------------
---------------------------------------------------------------------------------
Start RTL Component Statistics 
---------------------------------------------------------------------------------
Detailed RTL Component Info : 
+---Adders : 
	   2 Input    8 Bit       Adders := 8     
	   2 Input    7 Bit       Adders := 4     
	   2 Input    6 Bit       Adders := 31    
	   3 Input    6 Bit       Adders := 2     
	   2 Input    5 Bit       Adders := 5     
	   3 Input    5 Bit       Adders := 2     
	   4 Input    5 Bit       Adders := 2     
	   2 Input    4 Bit       Adders := 18    
	   3 Input    4 Bit       Adders := 2     
	   2 Input    3 Bit       Adders := 1     
	   2 Input    2 Bit       Adders := 3     
	   3 Input    1 Bit       Adders := 2     
+---XORs : 
	   2 Input      1 Bit         XORs := 49    
+---Registers : 
	             2178 Bit    Registers := 8     
	              179 Bit    Registers := 2     
	              104 Bit    Registers := 1     
	               70 Bit    Registers := 1     
	               69 Bit    Registers := 1     
	               64 Bit    Registers := 1     
	               47 Bit    Registers := 1     
	               39 Bit    Registers := 2     
	               33 Bit    Registers := 1     
	               32 Bit    Registers := 2     
	               23 Bit    Registers := 1     
	               21 Bit    Registers := 1     
	               16 Bit    Registers := 5     
	               14 Bit    Registers := 1     
	               12 Bit    Registers := 2     
	                8 Bit    Registers := 8     
	                6 Bit    Registers := 16    
	                5 Bit    Registers := 7     
	                4 Bit    Registers := 22    
	                3 Bit    Registers := 27    
	                2 Bit    Registers := 3     
	                1 Bit    Registers := 177   
+---Muxes : 
	   2 Input 2178 Bit        Muxes := 4     
	   2 Input   47 Bit        Muxes := 1     
	   2 Input   40 Bit        Muxes := 4     
	   2 Input   39 Bit        Muxes := 1     
	   2 Input   33 Bit        Muxes := 1     
	   2 Input   32 Bit        Muxes := 11    
	   2 Input   21 Bit        Muxes := 1     
	   2 Input   16 Bit        Muxes := 5     
	   2 Input   14 Bit        Muxes := 1     
	   2 Input   12 Bit        Muxes := 2     
	   2 Input    8 Bit        Muxes := 36    
	   2 Input    7 Bit        Muxes := 20    
	   2 Input    6 Bit        Muxes := 6     
	   2 Input    5 Bit        Muxes := 6     
	   2 Input    4 Bit        Muxes := 30    
	   3 Input    4 Bit        Muxes := 2     
	   4 Input    3 Bit        Muxes := 11    
	  11 Input    3 Bit        Muxes := 9     
	   2 Input    3 Bit        Muxes := 6     
	   2 Input    2 Bit        Muxes := 41    
	   5 Input    2 Bit        Muxes := 1     
	   4 Input    2 Bit        Muxes := 1     
	   2 Input    1 Bit        Muxes := 166   
	   6 Input    1 Bit        Muxes := 61    
	  12 Input    1 Bit        Muxes := 9     
	   3 Input    1 Bit        Muxes := 10    
	   4 Input    1 Bit        Muxes := 13    
	  10 Input    1 Bit        Muxes := 12    
	   7 Input    1 Bit        Muxes := 8     
---------------------------------------------------------------------------------
Finished RTL Component Statistics 
---------------------------------------------------------------------------------
---------------------------------------------------------------------------------
Start Part Resource Summary
---------------------------------------------------------------------------------
Part Resources:
DSPs: 1973 (col length:168)
BRAMs: 1428 (col length: RAMB18 168 RAMB36 84)
---------------------------------------------------------------------------------
Finished Part Resource Summary
---------------------------------------------------------------------------------
---------------------------------------------------------------------------------
Start Cross Boundary and Area Optimization
---------------------------------------------------------------------------------
WARNING: [Synth 8-7080] Parallel synthesis criteria is not met
WARNING: [Synth 8-3332] Sequential element (clk_map/psr_aclk/U0/EXT_LPF/ACTIVE_LOW_EXT.ACT_LO_EXT/GENERATE_LEVEL_P_S_CDC.SINGLE_BIT.CROSS_PLEVEL_IN2SCNDRY_IN_cdc_to) is unused and will be removed from module bd_acc6.
WARNING: [Synth 8-3332] Sequential element (clk_map/psr_aclk/U0/EXT_LPF/ACTIVE_LOW_EXT.ACT_LO_EXT/GENERATE_LEVEL_P_S_CDC.SINGLE_BIT.CROSS_PLEVEL_IN2SCNDRY_s_level_out_d2) is unused and will be removed from module bd_acc6.
WARNING: [Synth 8-3332] Sequential element (clk_map/psr_aclk/U0/EXT_LPF/ACTIVE_LOW_EXT.ACT_LO_EXT/GENERATE_LEVEL_P_S_CDC.SINGLE_BIT.CROSS_PLEVEL_IN2SCNDRY_s_level_out_d3) is unused and will be removed from module bd_acc6.
WARNING: [Synth 8-3332] Sequential element (clk_map/psr_aclk/U0/EXT_LPF/ACTIVE_LOW_EXT.ACT_LO_EXT/GENERATE_LEVEL_P_S_CDC.SINGLE_BIT.CROSS_PLEVEL_IN2SCNDRY_s_level_out_d4) is unused and will be removed from module bd_acc6.
WARNING: [Synth 8-3332] Sequential element (clk_map/psr_aclk/U0/EXT_LPF/ACTIVE_LOW_EXT.ACT_LO_EXT/GENERATE_LEVEL_P_S_CDC.SINGLE_BIT.CROSS_PLEVEL_IN2SCNDRY_s_level_out_d5) is unused and will be removed from module bd_acc6.
WARNING: [Synth 8-3332] Sequential element (clk_map/psr_aclk/U0/EXT_LPF/ACTIVE_LOW_EXT.ACT_LO_EXT/GENERATE_LEVEL_P_S_CDC.SINGLE_BIT.CROSS_PLEVEL_IN2SCNDRY_s_level_out_d6) is unused and will be removed from module bd_acc6.
WARNING: [Synth 8-3332] Sequential element (clk_map/psr_aclk/U0/EXT_LPF/ACTIVE_LOW_AUX.ACT_LO_AUX/GENERATE_LEVEL_P_S_CDC.SINGLE_BIT.CROSS_PLEVEL_IN2SCNDRY_s_level_out_d5) is unused and will be removed from module bd_acc6.
WARNING: [Synth 8-3332] Sequential element (clk_map/psr_aclk/U0/EXT_LPF/ACTIVE_LOW_AUX.ACT_LO_AUX/GENERATE_LEVEL_P_S_CDC.SINGLE_BIT.CROSS_PLEVEL_IN2SCNDRY_s_level_out_d6) is unused and will be removed from module bd_acc6.
WARNING: [Synth 8-3332] Sequential element (clk_map/psr_aclk/U0/FDRE_inst) is unused and will be removed from module bd_acc6.
WARNING: [Synth 8-3332] Sequential element (clk_map/psr_aclk/U0/BSR_OUT_DFF[0].FDRE_BSR) is unused and will be removed from module bd_acc6.
WARNING: [Synth 8-3332] Sequential element (clk_map/psr_aclk/U0/PR_OUT_DFF[0].FDRE_PER) is unused and will be removed from module bd_acc6.
WARNING: [Synth 8-3332] Sequential element (clk_map/psr_aclk/U0/ACTIVE_LOW_PR_OUT_DFF[0].FDRE_PER_N) is unused and will be removed from module bd_acc6.
---------------------------------------------------------------------------------
Finished Cross Boundary and Area Optimization : Time (s): cpu = 00:00:18 ; elapsed = 00:00:18 . Memory (MB): peak = 3690.820 ; gain = 694.957 ; free physical = 20147 ; free virtual = 100945
Synthesis current peak Physical Memory [PSS] (MB): peak = 2664.899; parent = 2508.783; children = 156.116
Synthesis current peak Virtual Memory [VSS] (MB): peak = 4632.008; parent = 3658.809; children = 973.199
---------------------------------------------------------------------------------
---------------------------------------------------------------------------------
Start ROM, RAM, DSP, Shift Register and Retiming Reporting
---------------------------------------------------------------------------------

Distributed RAM: Preliminary Mapping Report (see note below)
+--------------------------------------------------------------------------------------------------------------------------------------------------------------------------+----------------------------------+----------------+----------------------+----------------+
|Module Name                                                                                                                                                               | RTL Object                       | Inference      | Size (Depth x Width) | Primitives     | 
+--------------------------------------------------------------------------------------------------------------------------------------------------------------------------+----------------------------------+----------------+----------------------+----------------+
|xpm_memory_sdpram:/xpm_memory_base_inst                                                                                                                                   | gen_wr_a.gen_word_narrow.mem_reg | User Attribute | 32 x 179             | RAM32M16 x 13  | 
|xpm_memory_sdpram:/xpm_memory_base_inst                                                                                                                                   | gen_wr_a.gen_word_narrow.mem_reg | User Attribute | 32 x 179             | RAM32M16 x 13  | 
|inst/\s00_nodes/s00_b_node/inst /\inst_mi_handler/gen_normal_area.inst_fifo_node_payld/gen_xpm_memory_fifo.inst_fifo/gen_mem_rep[0].inst_xpm_memory /xpm_memory_base_inst | gen_wr_a.gen_word_narrow.mem_reg | User Attribute | 32 x 23              | RAM32M16 x 2   | 
|inst/\s00_nodes/s00_r_node/inst /\inst_mi_handler/gen_normal_area.inst_fifo_node_payld/gen_xpm_memory_fifo.inst_fifo/gen_mem_rep[0].inst_xpm_memory /xpm_memory_base_inst | gen_wr_a.gen_word_narrow.mem_reg | User Attribute | 32 x 69              | RAM32M16 x 5   | 
|inst/\s00_nodes/s00_w_node/inst /\inst_mi_handler/gen_normal_area.inst_fifo_node_payld/gen_xpm_memory_fifo.inst_fifo/gen_mem_rep[0].inst_xpm_memory /xpm_memory_base_inst | gen_wr_a.gen_word_narrow.mem_reg | User Attribute | 32 x 70              | RAM32M16 x 5   | 
+--------------------------------------------------------------------------------------------------------------------------------------------------------------------------+----------------------------------+----------------+----------------------+----------------+

Note: The table above is a preliminary report that shows the Distributed RAMs at the current stage of the synthesis flow. Some Distributed RAMs may be reimplemented as non Distributed RAM primitives later in the synthesis flow. Multiple instantiated RAMs are reported only once.
---------------------------------------------------------------------------------
Finished ROM, RAM, DSP, Shift Register and Retiming Reporting
---------------------------------------------------------------------------------
---------------------------------------------------------------------------------
Start Applying XDC Timing Constraints
---------------------------------------------------------------------------------
---------------------------------------------------------------------------------
Finished Applying XDC Timing Constraints : Time (s): cpu = 00:00:23 ; elapsed = 00:00:25 . Memory (MB): peak = 3903.273 ; gain = 907.410 ; free physical = 19692 ; free virtual = 100490
Synthesis current peak Physical Memory [PSS] (MB): peak = 3123.071; parent = 2966.986; children = 156.116
Synthesis current peak Virtual Memory [VSS] (MB): peak = 4876.477; parent = 3903.277; children = 973.199
---------------------------------------------------------------------------------
---------------------------------------------------------------------------------
Start Timing Optimization
---------------------------------------------------------------------------------
---------------------------------------------------------------------------------
Finished Timing Optimization : Time (s): cpu = 00:00:25 ; elapsed = 00:00:26 . Memory (MB): peak = 3963.812 ; gain = 967.949 ; free physical = 19648 ; free virtual = 100445
Synthesis current peak Physical Memory [PSS] (MB): peak = 3164.396; parent = 3008.311; children = 156.116
Synthesis current peak Virtual Memory [VSS] (MB): peak = 4937.016; parent = 3963.816; children = 973.199
---------------------------------------------------------------------------------
---------------------------------------------------------------------------------
Start ROM, RAM, DSP, Shift Register and Retiming Reporting
---------------------------------------------------------------------------------

Distributed RAM: Final Mapping Report
+--------------------------------------------------------------------------------------------------------------------------------------------------------------------------+----------------------------------+----------------+----------------------+----------------+
|Module Name                                                                                                                                                               | RTL Object                       | Inference      | Size (Depth x Width) | Primitives     | 
+--------------------------------------------------------------------------------------------------------------------------------------------------------------------------+----------------------------------+----------------+----------------------+----------------+
|xpm_memory_sdpram:/xpm_memory_base_inst                                                                                                                                   | gen_wr_a.gen_word_narrow.mem_reg | User Attribute | 32 x 179             | RAM32M16 x 13  | 
|xpm_memory_sdpram:/xpm_memory_base_inst                                                                                                                                   | gen_wr_a.gen_word_narrow.mem_reg | User Attribute | 32 x 179             | RAM32M16 x 13  | 
|inst/\s00_nodes/s00_b_node/inst /\inst_mi_handler/gen_normal_area.inst_fifo_node_payld/gen_xpm_memory_fifo.inst_fifo/gen_mem_rep[0].inst_xpm_memory /xpm_memory_base_inst | gen_wr_a.gen_word_narrow.mem_reg | User Attribute | 32 x 23              | RAM32M16 x 2   | 
|inst/\s00_nodes/s00_r_node/inst /\inst_mi_handler/gen_normal_area.inst_fifo_node_payld/gen_xpm_memory_fifo.inst_fifo/gen_mem_rep[0].inst_xpm_memory /xpm_memory_base_inst | gen_wr_a.gen_word_narrow.mem_reg | User Attribute | 32 x 69              | RAM32M16 x 5   | 
|inst/\s00_nodes/s00_w_node/inst /\inst_mi_handler/gen_normal_area.inst_fifo_node_payld/gen_xpm_memory_fifo.inst_fifo/gen_mem_rep[0].inst_xpm_memory /xpm_memory_base_inst | gen_wr_a.gen_word_narrow.mem_reg | User Attribute | 32 x 70              | RAM32M16 x 5   | 
+--------------------------------------------------------------------------------------------------------------------------------------------------------------------------+----------------------------------+----------------+----------------------+----------------+

---------------------------------------------------------------------------------
Finished ROM, RAM, DSP, Shift Register and Retiming Reporting
---------------------------------------------------------------------------------
---------------------------------------------------------------------------------
Start Technology Mapping
---------------------------------------------------------------------------------
---------------------------------------------------------------------------------
Finished Technology Mapping : Time (s): cpu = 00:00:25 ; elapsed = 00:00:27 . Memory (MB): peak = 3979.828 ; gain = 983.965 ; free physical = 19640 ; free virtual = 100437
Synthesis current peak Physical Memory [PSS] (MB): peak = 3166.567; parent = 3010.482; children = 156.116
Synthesis current peak Virtual Memory [VSS] (MB): peak = 4953.031; parent = 3979.832; children = 973.199
---------------------------------------------------------------------------------
---------------------------------------------------------------------------------
Start IO Insertion
---------------------------------------------------------------------------------
---------------------------------------------------------------------------------
Start Flattening Before IO Insertion
---------------------------------------------------------------------------------
---------------------------------------------------------------------------------
Finished Flattening Before IO Insertion
---------------------------------------------------------------------------------
---------------------------------------------------------------------------------
Start Final Netlist Cleanup
---------------------------------------------------------------------------------
---------------------------------------------------------------------------------
Finished Final Netlist Cleanup
---------------------------------------------------------------------------------
---------------------------------------------------------------------------------
Finished IO Insertion : Time (s): cpu = 00:00:27 ; elapsed = 00:00:28 . Memory (MB): peak = 3979.828 ; gain = 983.965 ; free physical = 19629 ; free virtual = 100427
Synthesis current peak Physical Memory [PSS] (MB): peak = 3166.876; parent = 3010.791; children = 156.116
Synthesis current peak Virtual Memory [VSS] (MB): peak = 4953.031; parent = 3979.832; children = 973.199
---------------------------------------------------------------------------------
---------------------------------------------------------------------------------
Start Renaming Generated Instances
---------------------------------------------------------------------------------
---------------------------------------------------------------------------------
Finished Renaming Generated Instances : Time (s): cpu = 00:00:27 ; elapsed = 00:00:28 . Memory (MB): peak = 3979.828 ; gain = 983.965 ; free physical = 19629 ; free virtual = 100427
Synthesis current peak Physical Memory [PSS] (MB): peak = 3166.876; parent = 3010.791; children = 156.116
Synthesis current peak Virtual Memory [VSS] (MB): peak = 4953.031; parent = 3979.832; children = 973.199
---------------------------------------------------------------------------------
---------------------------------------------------------------------------------
Start Rebuilding User Hierarchy
---------------------------------------------------------------------------------
---------------------------------------------------------------------------------
Finished Rebuilding User Hierarchy : Time (s): cpu = 00:00:27 ; elapsed = 00:00:28 . Memory (MB): peak = 3979.828 ; gain = 983.965 ; free physical = 19629 ; free virtual = 100427
Synthesis current peak Physical Memory [PSS] (MB): peak = 3167.099; parent = 3011.014; children = 156.116
Synthesis current peak Virtual Memory [VSS] (MB): peak = 4953.031; parent = 3979.832; children = 973.199
---------------------------------------------------------------------------------
---------------------------------------------------------------------------------
Start Renaming Generated Ports
---------------------------------------------------------------------------------
---------------------------------------------------------------------------------
Finished Renaming Generated Ports : Time (s): cpu = 00:00:27 ; elapsed = 00:00:28 . Memory (MB): peak = 3979.828 ; gain = 983.965 ; free physical = 19629 ; free virtual = 100427
Synthesis current peak Physical Memory [PSS] (MB): peak = 3167.161; parent = 3011.076; children = 156.116
Synthesis current peak Virtual Memory [VSS] (MB): peak = 4953.031; parent = 3979.832; children = 973.199
---------------------------------------------------------------------------------
---------------------------------------------------------------------------------
Start Handling Custom Attributes
---------------------------------------------------------------------------------
---------------------------------------------------------------------------------
Finished Handling Custom Attributes : Time (s): cpu = 00:00:27 ; elapsed = 00:00:29 . Memory (MB): peak = 3979.828 ; gain = 983.965 ; free physical = 19629 ; free virtual = 100427
Synthesis current peak Physical Memory [PSS] (MB): peak = 3167.161; parent = 3011.076; children = 156.116
Synthesis current peak Virtual Memory [VSS] (MB): peak = 4953.031; parent = 3979.832; children = 973.199
---------------------------------------------------------------------------------
---------------------------------------------------------------------------------
Start Renaming Generated Nets
---------------------------------------------------------------------------------
---------------------------------------------------------------------------------
Finished Renaming Generated Nets : Time (s): cpu = 00:00:27 ; elapsed = 00:00:29 . Memory (MB): peak = 3979.828 ; gain = 983.965 ; free physical = 19629 ; free virtual = 100427
Synthesis current peak Physical Memory [PSS] (MB): peak = 3167.161; parent = 3011.076; children = 156.116
Synthesis current peak Virtual Memory [VSS] (MB): peak = 4953.031; parent = 3979.832; children = 973.199
---------------------------------------------------------------------------------
---------------------------------------------------------------------------------
Start ROM, RAM, DSP, Shift Register and Retiming Reporting
---------------------------------------------------------------------------------

Dynamic Shift Register Report:
+------------+---------------+--------+------------+--------+---------+--------+--------+--------+
|Module Name | RTL Name      | Length | Data Width | SRL16E | SRLC32E | Mux F7 | Mux F8 | Mux F9 | 
+------------+---------------+--------+------------+--------+---------+--------+--------+--------+
|dsrl        | shift_reg_reg | 16     | 1          | 1      | 0       | 0      | 0      | 0      | 
|dsrl__1     | shift_reg_reg | 32     | 1          | 0      | 1       | 0      | 0      | 0      | 
+------------+---------------+--------+------------+--------+---------+--------+--------+--------+

---------------------------------------------------------------------------------
Finished ROM, RAM, DSP, Shift Register and Retiming Reporting
---------------------------------------------------------------------------------
---------------------------------------------------------------------------------
Start Writing Synthesis Report
---------------------------------------------------------------------------------

Report BlackBoxes: 
+-+--------------+----------+
| |BlackBox name |Instances |
+-+--------------+----------+
+-+--------------+----------+

Report Cell Usage: 
+------+---------+------+
|      |Cell     |Count |
+------+---------+------+
|1     |LUT1     |    78|
|2     |LUT2     |    97|
|3     |LUT3     |   543|
|4     |LUT4     |   323|
|5     |LUT5     |   238|
|6     |LUT6     |   401|
|7     |MUXF7    |     1|
|8     |RAM32M16 |    23|
|9     |SRL16    |     1|
|10    |SRL16E   |   101|
|11    |SRLC32E  |    70|
|12    |FDCE     |    42|
|13    |FDR      |     4|
|14    |FDRE     |  1629|
|15    |FDSE     |    86|
+------+---------+------+
---------------------------------------------------------------------------------
Finished Writing Synthesis Report : Time (s): cpu = 00:00:27 ; elapsed = 00:00:29 . Memory (MB): peak = 3979.828 ; gain = 983.965 ; free physical = 19629 ; free virtual = 100427
Synthesis current peak Physical Memory [PSS] (MB): peak = 3167.161; parent = 3011.076; children = 156.116
Synthesis current peak Virtual Memory [VSS] (MB): peak = 4953.031; parent = 3979.832; children = 973.199
---------------------------------------------------------------------------------
Synthesis finished with 0 errors, 0 critical warnings and 15846 warnings.
Synthesis Optimization Runtime : Time (s): cpu = 00:00:21 ; elapsed = 00:00:23 . Memory (MB): peak = 3979.828 ; gain = 713.527 ; free physical = 19629 ; free virtual = 100427
Synthesis Optimization Complete : Time (s): cpu = 00:00:27 ; elapsed = 00:00:29 . Memory (MB): peak = 3979.836 ; gain = 983.965 ; free physical = 19629 ; free virtual = 100427
INFO: [Project 1-571] Translating synthesized netlist
Netlist sorting complete. Time (s): cpu = 00:00:00.06 ; elapsed = 00:00:00.07 . Memory (MB): peak = 3979.836 ; gain = 0.000 ; free physical = 19741 ; free virtual = 100538
INFO: [Netlist 29-17] Analyzing 29 Unisim elements for replacement
INFO: [Netlist 29-28] Unisim Transformation completed in 0 CPU seconds
INFO: [Project 1-570] Preparing netlist for logic optimization
INFO: [Opt 31-138] Pushed 0 inverter(s) to 0 load pin(s).
Netlist sorting complete. Time (s): cpu = 00:00:00 ; elapsed = 00:00:00 . Memory (MB): peak = 4041.527 ; gain = 0.000 ; free physical = 19714 ; free virtual = 100511
INFO: [Project 1-111] Unisim Transformation Summary:
  A total of 28 instances were transformed.
  FDR => FDRE: 4 instances
  RAM32M16 => RAM32M16 (RAMD32(x14), RAMS32(x2)): 23 instances
  SRL16 => SRL16E: 1 instance 

Synth Design complete, checksum: 9b1752d3
INFO: [Common 17-83] Releasing license: Synthesis
116 Infos, 220 Warnings, 0 Critical Warnings and 0 Errors encountered.
synth_design completed successfully
synth_design: Time (s): cpu = 00:00:32 ; elapsed = 00:00:32 . Memory (MB): peak = 4041.527 ; gain = 1974.676 ; free physical = 19763 ; free virtual = 100560
INFO: [Common 17-1381] The checkpoint '/home/bouthsarath/ibert_dfe/prj/zubpm_hw/zubpm_hw.runs/top_smartconnect_0_0_synth_1/top_smartconnect_0_0.dcp' has been generated.
INFO: [Coretcl 2-1648] Added synthesis output to IP cache for IP top_smartconnect_0_0, cache-ID = 5f7b0deac5cd8b1f
INFO: [Coretcl 2-1174] Renamed 284 cell refs.
INFO: [Common 17-1381] The checkpoint '/home/bouthsarath/ibert_dfe/prj/zubpm_hw/zubpm_hw.runs/top_smartconnect_0_0_synth_1/top_smartconnect_0_0.dcp' has been generated.
INFO: [runtcl-4] Executing : report_utilization -file top_smartconnect_0_0_utilization_synth.rpt -pb top_smartconnect_0_0_utilization_synth.pb
INFO: [Common 17-206] Exiting Vivado at Wed Dec  3 09:24:51 2025...
