#-----------------------------------------------------------
# Vivado v2022.2 (64-bit)
# SW Build 3671981 on Fri Oct 14 04:59:54 MDT 2022
# IP Build 3669848 on Fri Oct 14 08:30:02 MDT 2022
# Start of session at: Wed Dec  3 09:19:29 2025
# Process ID: 222725
# Current directory: /home/bouthsarath/ibert_dfe
# Command line: vivado -mode tcl -source ./fwk/src/main.tcl -notrace -journal prj/zubpm_hw/zubpm_hw.jou -log prj/zubpm_hw/zubpm_hw.log -tclargs init gui -c cfg/hw.cfg -t vivado
# Log file: /home/bouthsarath/ibert_dfe/prj/zubpm_hw/zubpm_hw.log
# Journal file: /home/bouthsarath/ibert_dfe/prj/zubpm_hw/zubpm_hw.jou
# Running On: WPS-171005, OS: Linux, CPU Frequency: 800.684 MHz, CPU Physical cores: 16, Host memory: 67199 MB
#-----------------------------------------------------------
source ./fwk/src/main.tcl -notrace
--------------------------------------------------------------------------------

    __/\\\\\\\\\\\\\\\__/\\\______________/\\\__/\\\________/\\_
     _\/\\\///////////__\/\\\_____________\/\\\_\/\\\_____/\\//__
      _\/\\\_____________\/\\\_____________\/\\\_\/\\\__/\\\//_____
       _\/\\\\\\\\\\\_____\//\\\____/\\\____/\\\__\/\\\\\\//\\\_____
        _\/\\\///////_______\//\\\__/\\\\\__/\\\___\/\\\//_\//\\\____
         _\/\\\_______________\//\\\/\\\/\\\/\\\____\/\\\____\//\\\___
          _\/\\\________________\//\\\\\\//\\\\\_____\/\\\_____\//\\\__
           _\/\\\_________________\//\\\__\//\\\______\/\\\______\//\\\_
            _\///___________________\///____\///_______\///________\///__

--------------------------------------------------------------------------------
 FPGA Firmware Framework Project (FWK)
                                                 developed by MSK Group of DESY
--------------------------------------------------------------------------------
# INFO: Absolute path of the firmware framework project:
[::fwfwk::ProjectPath] /home/bouthsarath/ibert_dfe
# INFO: main.tcl [args]: init gui -c cfg/hw.cfg -t vivado
# INFO: Getting default project configuration from: default.cfg
# INFO: Getting project configuration from: /home/bouthsarath/ibert_dfe/cfg/hw.cfg
# INFO: Sourcing  fwfwk_vivado.tcl
# WARNING: no Git repository nor commits available to generate version

-------------------------------------
Loaded Configuration:
-------------------------------------
ProjectName : zubpm 
ProjectConf : hw 
ProjectTcl  : tcl/project_hw.tcl 
ToolType    : vivado
.....................................
Project Version : 0.0.0-0-g20000000-WPS-171005
-------------------------------------
         Git Submodules
-------------------------------------
Module path                    Version                  on branch               
--------------------------------------------------------------------------------

== INIT ==
# INFO: Creating namespace ::fwfwk::src
# WARNING: no Git repository nor commits available to generate version

# INFO: Creating namespace ::fwfwk::src::app
# WARNING: no Git repository nor commits available to generate version

In ./hw/src/main.tcl init()...
--------------------------------------------------------------------------------
# INFO: Tree View of the Sources:
 +- src                     
   +- app                     

# INFO: Running GUI ( zubpm_hw ) project ...

WARNING: [Board 49-26] cannot add Board Part xilinx.com:vek280_es:part0:1.0 available at /tools/Xilinx/Vivado/2022.2/data/xhub/boards/XilinxBoardStore/boards/Xilinx/vek280/es/1.0/board.xml as part xcve2802-vsvh1760-2lp-e-s-es1 specified in board_part file is either invalid or not available
WARNING: [Board 49-26] cannot add Board Part xilinx.com:vhk158_es:part0:1.0 available at /tools/Xilinx/Vivado/2022.2/data/xhub/boards/XilinxBoardStore/boards/Xilinx/vhk158/es/1.0/board.xml as part xcvh1582-vsva3697-2mp-e-s-es1 specified in board_part file is either invalid or not available
WARNING: [Board 49-26] cannot add Board Part xilinx.com:vpk120_es:part0:1.2 available at /tools/Xilinx/Vivado/2022.2/data/xhub/boards/XilinxBoardStore/boards/Xilinx/vpk120/es/1.2/board.xml as part xcvp1202-vsva2785-2mp-e-s-es1 specified in board_part file is either invalid or not available
WARNING: [Board 49-26] cannot add Board Part xilinx.com:vpk120_es_revb:part0:1.0 available at /tools/Xilinx/Vivado/2022.2/data/xhub/boards/XilinxBoardStore/boards/Xilinx/vpk120_revb/es/1.0/board.xml as part xcvp1202-vsva2785-2mp-e-s-es1 specified in board_part file is either invalid or not available
WARNING: [Board 49-26] cannot add Board Part xilinx.com:vpk180_es:part0:1.0 available at /tools/Xilinx/Vivado/2022.2/data/xhub/boards/XilinxBoardStore/boards/Xilinx/vpk180/es/1.0/board.xml as part xcvp1802-lsvc4072-2mp-e-s-es1 specified in board_part file is either invalid or not available
WARNING: [Board 49-26] cannot add Board Part xilinx.com:zcu208ld:part0:2.0 available at /tools/Xilinx/Vivado/2022.2/data/xhub/boards/XilinxBoardStore/boards/Xilinx/zcu208ld/production/2.0/board.xml as part xczu58dr-fsvg1517-2-i specified in board_part file is either invalid or not available
WARNING: [Board 49-26] cannot add Board Part xilinx.com:zcu216ld:part0:2.0 available at /tools/Xilinx/Vivado/2022.2/data/xhub/boards/XilinxBoardStore/boards/Xilinx/zcu216ld/production/2.0/board.xml as part xczu59dr-ffvf1760-2-i specified in board_part file is either invalid or not available
WARNING: [Board 49-26] cannot add Board Part xilinx.com:zcu670:part0:2.0 available at /tools/Xilinx/Vivado/2022.2/data/xhub/boards/XilinxBoardStore/boards/Xilinx/zcu670/2.0/board.xml as part xczu67dr-fsve1156-2-i specified in board_part file is either invalid or not available
WARNING: [Board 49-26] cannot add Board Part xilinx.com:zcu670ld:part0:1.0 available at /tools/Xilinx/Vivado/2022.2/data/xhub/boards/XilinxBoardStore/boards/Xilinx/zcu670ld/1.0/board.xml as part xczu57dr-fsve1156-2-i specified in board_part file is either invalid or not available
Scanning sources...
Finished scanning sources
INFO: [IP_Flow 19-234] Refreshing IP repositories
INFO: [IP_Flow 19-1704] No user IP repositories specified
INFO: [IP_Flow 19-2313] Loaded Vivado IP repository '/tools/Xilinx/Vivado/2022.2/data/ip'.
update_compile_order -fileset sources_1
open_bd_design {/home/bouthsarath/ibert_dfe/prj/zubpm_hw/zubpm_hw.srcs/sources_1/bd/top/top.bd}
Reading block design file </home/bouthsarath/ibert_dfe/prj/zubpm_hw/zubpm_hw.srcs/sources_1/bd/top/top.bd>...
Adding component instance block -- xilinx.com:ip:proc_sys_reset:5.0 - proc_sys_reset_0
Adding component instance block -- xilinx.com:ip:smartconnect:1.0 - smartconnect_0
Adding component instance block -- xilinx.com:ip:zynq_ultra_ps_e:3.4 - zynq_ultra_ps_e_0
Successfully read diagram <top> from block design file </home/bouthsarath/ibert_dfe/prj/zubpm_hw/zubpm_hw.srcs/sources_1/bd/top/top.bd>
open_hw_manager
connect_hw_server -url 10.0.142.173:3121 -allow_non_jtag
INFO: [Labtools 27-2285] Connecting to hw_server url TCP:10.0.142.173:3121
INFO: [Labtools 27-3415] Connecting to cs_server url TCP:localhost:0
INFO: [Labtools 27-3417] Launching cs_server...
INFO: [Labtools 27-2221] Launch Output:


******** Xilinx cs_server v2022.2.0
  ****** Build date   : Oct 04 2022-19:25:37
    **** Build number : 2022.2.1664925937
      ** Copyright 2017-2025 Xilinx, Inc. All Rights Reserved.



current_hw_target [get_hw_targets */xilinx_tcf/Xilinx/AAo1HSX10]
set_property PARAM.FREQUENCY 40000000 [get_hw_targets */xilinx_tcf/Xilinx/AAo1HSX10]
open_hw_target
INFO: [Labtoolstcl 44-466] Opening hw_target 10.0.142.173:3121/xilinx_tcf/Xilinx/AAo1HSX10
current_hw_device [get_hw_devices xczu6_0]
refresh_hw_device -update_hw_probes false [lindex [get_hw_devices xczu6_0] 0]
INFO: [Labtools 27-2302] Device xczu6 (JTAG device index = 0) is programmed with a design that has 1 IBERT core(s).
current_hw_device [get_hw_devices arm_dap_1]
refresh_hw_device -update_hw_probes false [lindex [get_hw_devices arm_dap_1] 0]
current_hw_device [get_hw_devices xczu6_0]
set_property PROBES.FILE {/home/bouthsarath/ibert_dfe/prj/zubpm_hw/zubpm_hw.runs/impl_1/ibert_test.ltx} [get_hw_devices xczu6_0]
set_property FULL_PROBES.FILE {/home/bouthsarath/ibert_dfe/prj/zubpm_hw/zubpm_hw.runs/impl_1/ibert_test.ltx} [get_hw_devices xczu6_0]
set_property PROGRAM.FILE {/home/bouthsarath/ibert_dfe/prj/zubpm_hw/zubpm_hw.runs/impl_1/ibert_test.bit} [get_hw_devices xczu6_0]
program_hw_devices [get_hw_devices xczu6_0]
INFO: [Labtools 27-3164] End of startup status: HIGH
program_hw_devices: Time (s): cpu = 00:00:08 ; elapsed = 00:00:07 . Memory (MB): peak = 10883.840 ; gain = 0.000 ; free physical = 22334 ; free virtual = 103408
refresh_hw_device [lindex [get_hw_devices xczu6_0] 0]
INFO: [Labtools 27-2302] Device xczu6 (JTAG device index = 0) is programmed with a design that has 1 IBERT core(s).
set xil_newLinks [list]
set xil_newLink [create_hw_sio_link -description {Link 0} [lindex [get_hw_sio_txs 10.0.142.173:3121/xilinx_tcf/Xilinx/AAo1HSX10/0_1_0_0/IBERT/Quad_128/MGT_X0Y4/TX] 0] [lindex [get_hw_sio_rxs 10.0.142.173:3121/xilinx_tcf/Xilinx/AAo1HSX10/0_1_0_0/IBERT/Quad_128/MGT_X0Y4/RX] 0] ]
lappend xil_newLinks $xil_newLink
set xil_newLink [create_hw_sio_link -description {Link 1} [lindex [get_hw_sio_txs 10.0.142.173:3121/xilinx_tcf/Xilinx/AAo1HSX10/0_1_0_0/IBERT/Quad_128/MGT_X0Y5/TX] 0] [lindex [get_hw_sio_rxs 10.0.142.173:3121/xilinx_tcf/Xilinx/AAo1HSX10/0_1_0_0/IBERT/Quad_128/MGT_X0Y5/RX] 0] ]
lappend xil_newLinks $xil_newLink
set xil_newLink [create_hw_sio_link -description {Link 2} [lindex [get_hw_sio_txs 10.0.142.173:3121/xilinx_tcf/Xilinx/AAo1HSX10/0_1_0_0/IBERT/Quad_128/MGT_X0Y6/TX] 0] [lindex [get_hw_sio_rxs 10.0.142.173:3121/xilinx_tcf/Xilinx/AAo1HSX10/0_1_0_0/IBERT/Quad_128/MGT_X0Y6/RX] 0] ]
lappend xil_newLinks $xil_newLink
set xil_newLink [create_hw_sio_link -description {Link 3} [lindex [get_hw_sio_txs 10.0.142.173:3121/xilinx_tcf/Xilinx/AAo1HSX10/0_1_0_0/IBERT/Quad_128/MGT_X0Y7/TX] 0] [lindex [get_hw_sio_rxs 10.0.142.173:3121/xilinx_tcf/Xilinx/AAo1HSX10/0_1_0_0/IBERT/Quad_128/MGT_X0Y7/RX] 0] ]
lappend xil_newLinks $xil_newLink
set xil_newLink [create_hw_sio_link -description {Link 4} [lindex [get_hw_sio_txs 10.0.142.173:3121/xilinx_tcf/Xilinx/AAo1HSX10/0_1_0_0/IBERT/Quad_129/MGT_X0Y8/TX] 0] [lindex [get_hw_sio_rxs 10.0.142.173:3121/xilinx_tcf/Xilinx/AAo1HSX10/0_1_0_0/IBERT/Quad_129/MGT_X0Y8/RX] 0] ]
lappend xil_newLinks $xil_newLink
set xil_newLink [create_hw_sio_link -description {Link 5} [lindex [get_hw_sio_txs 10.0.142.173:3121/xilinx_tcf/Xilinx/AAo1HSX10/0_1_0_0/IBERT/Quad_129/MGT_X0Y9/TX] 0] [lindex [get_hw_sio_rxs 10.0.142.173:3121/xilinx_tcf/Xilinx/AAo1HSX10/0_1_0_0/IBERT/Quad_129/MGT_X0Y9/RX] 0] ]
lappend xil_newLinks $xil_newLink
set xil_newLink [create_hw_sio_link -description {Link 6} [lindex [get_hw_sio_txs 10.0.142.173:3121/xilinx_tcf/Xilinx/AAo1HSX10/0_1_0_0/IBERT/Quad_129/MGT_X0Y10/TX] 0] [lindex [get_hw_sio_rxs 10.0.142.173:3121/xilinx_tcf/Xilinx/AAo1HSX10/0_1_0_0/IBERT/Quad_129/MGT_X0Y10/RX] 0] ]
lappend xil_newLinks $xil_newLink
set xil_newLink [create_hw_sio_link -description {Link 7} [lindex [get_hw_sio_txs 10.0.142.173:3121/xilinx_tcf/Xilinx/AAo1HSX10/0_1_0_0/IBERT/Quad_129/MGT_X0Y11/TX] 0] [lindex [get_hw_sio_rxs 10.0.142.173:3121/xilinx_tcf/Xilinx/AAo1HSX10/0_1_0_0/IBERT/Quad_129/MGT_X0Y11/RX] 0] ]
lappend xil_newLinks $xil_newLink
set xil_newLinkGroup [create_hw_sio_linkgroup -description {Link Group 0} [get_hw_sio_links $xil_newLinks]]
unset xil_newLinks
set_property LOOPBACK {Near-End PCS} [get_hw_sio_links -of_objects [get_hw_sio_linkgroups {Link_Group_0}]]
commit_hw_sio -non_blocking [get_hw_sio_links -of_objects [get_hw_sio_linkgroups {Link_Group_0}]]
set_property LOGIC.MGT_ERRCNT_RESET_CTRL 1 [get_hw_sio_links -of_objects [get_hw_sio_linkgroups {Link_Group_0}]]
commit_hw_sio -non_blocking [get_hw_sio_links -of_objects [get_hw_sio_linkgroups {Link_Group_0}]]
set_property LOGIC.MGT_ERRCNT_RESET_CTRL 0 [get_hw_sio_links -of_objects [get_hw_sio_linkgroups {Link_Group_0}]]
commit_hw_sio -non_blocking [get_hw_sio_links -of_objects [get_hw_sio_linkgroups {Link_Group_0}]]
