
*** Running vivado
    with args -log top_proc_sys_reset_0_0.vds -m64 -product Vivado -mode batch -messageDb vivado.pb -notrace -source top_proc_sys_reset_0_0.tcl


****** Vivado v2022.2 (64-bit)
  **** SW Build 3671981 on Fri Oct 14 04:59:54 MDT 2022
  **** IP Build 3669848 on Fri Oct 14 08:30:02 MDT 2022
    ** Copyright 1986-2022 Xilinx, Inc. All Rights Reserved.

source top_proc_sys_reset_0_0.tcl -notrace
INFO: [IP_Flow 19-6924] IPCACHE: Running cache check for IP inst: top_proc_sys_reset_0_0
Command: synth_design -top top_proc_sys_reset_0_0 -part xczu6eg-ffvb1156-1-e -incremental_mode off -mode out_of_context
Starting synth_design
Attempting to get a license for feature 'Synthesis' and/or device 'xczu6eg'
INFO: [Common 17-349] Got license for feature 'Synthesis' and/or device 'xczu6eg'
INFO: [Device 21-403] Loading part xczu6eg-ffvb1156-1-e
INFO: [Synth 8-7079] Multithreading enabled for synth_design using a maximum of 4 processes.
INFO: [Synth 8-7078] Launching helper process for spawning children vivado processes
INFO: [Synth 8-7075] Helper process launched with PID 225329
INFO: [Synth 8-11241] undeclared symbol 'REGCCE', assumed default net type 'wire' [/tools/Xilinx/Vivado/2022.2/data/verilog/src/unimacro/BRAM_SINGLE_MACRO.v:2170]
---------------------------------------------------------------------------------
Starting RTL Elaboration : Time (s): cpu = 00:00:02 ; elapsed = 00:00:02 . Memory (MB): peak = 3219.742 ; gain = 237.762 ; free physical = 20092 ; free virtual = 100861
Synthesis current peak Physical Memory [PSS] (MB): peak = 2496.471; parent = 2340.364; children = 156.106
Synthesis current peak Virtual Memory [VSS] (MB): peak = 4198.883; parent = 3225.684; children = 973.199
---------------------------------------------------------------------------------
INFO: [Synth 8-638] synthesizing module 'top_proc_sys_reset_0_0' [/home/bouthsarath/ibert_dfe/prj/zubpm_hw/zubpm_hw.gen/sources_1/bd/top/ip/top_proc_sys_reset_0_0/synth/top_proc_sys_reset_0_0.vhd:74]
	Parameter C_FAMILY bound to: zynquplus - type: string 
	Parameter C_EXT_RST_WIDTH bound to: 4 - type: integer 
	Parameter C_AUX_RST_WIDTH bound to: 4 - type: integer 
	Parameter C_EXT_RESET_HIGH bound to: 1'b0 
	Parameter C_AUX_RESET_HIGH bound to: 1'b0 
	Parameter C_NUM_BUS_RST bound to: 1 - type: integer 
	Parameter C_NUM_PERP_RST bound to: 1 - type: integer 
	Parameter C_NUM_INTERCONNECT_ARESETN bound to: 1 - type: integer 
	Parameter C_NUM_PERP_ARESETN bound to: 1 - type: integer 
INFO: [Synth 8-3491] module 'proc_sys_reset' declared at '/home/bouthsarath/ibert_dfe/prj/zubpm_hw/zubpm_hw.gen/sources_1/bd/top/ipshared/8842/hdl/proc_sys_reset_v5_0_vh_rfs.vhd:1264' bound to instance 'U0' of component 'proc_sys_reset' [/home/bouthsarath/ibert_dfe/prj/zubpm_hw/zubpm_hw.gen/sources_1/bd/top/ip/top_proc_sys_reset_0_0/synth/top_proc_sys_reset_0_0.vhd:129]
INFO: [Synth 8-638] synthesizing module 'proc_sys_reset' [/home/bouthsarath/ibert_dfe/prj/zubpm_hw/zubpm_hw.gen/sources_1/bd/top/ipshared/8842/hdl/proc_sys_reset_v5_0_vh_rfs.vhd:1323]
	Parameter INIT bound to: 1'b1 
INFO: [Synth 8-113] binding component instance 'FDRE_inst' to cell 'FDRE' [/home/bouthsarath/ibert_dfe/prj/zubpm_hw/zubpm_hw.gen/sources_1/bd/top/ipshared/8842/hdl/proc_sys_reset_v5_0_vh_rfs.vhd:1392]
	Parameter INIT bound to: 1'b1 
INFO: [Synth 8-113] binding component instance 'FDRE_BSR' to cell 'FDRE' [/home/bouthsarath/ibert_dfe/prj/zubpm_hw/zubpm_hw.gen/sources_1/bd/top/ipshared/8842/hdl/proc_sys_reset_v5_0_vh_rfs.vhd:1408]
	Parameter INIT bound to: 1'b0 
INFO: [Synth 8-113] binding component instance 'FDRE_BSR_N' to cell 'FDRE' [/home/bouthsarath/ibert_dfe/prj/zubpm_hw/zubpm_hw.gen/sources_1/bd/top/ipshared/8842/hdl/proc_sys_reset_v5_0_vh_rfs.vhd:1434]
	Parameter INIT bound to: 1'b1 
INFO: [Synth 8-113] binding component instance 'FDRE_PER' to cell 'FDRE' [/home/bouthsarath/ibert_dfe/prj/zubpm_hw/zubpm_hw.gen/sources_1/bd/top/ipshared/8842/hdl/proc_sys_reset_v5_0_vh_rfs.vhd:1457]
	Parameter INIT bound to: 1'b0 
INFO: [Synth 8-113] binding component instance 'FDRE_PER_N' to cell 'FDRE' [/home/bouthsarath/ibert_dfe/prj/zubpm_hw/zubpm_hw.gen/sources_1/bd/top/ipshared/8842/hdl/proc_sys_reset_v5_0_vh_rfs.vhd:1481]
INFO: [Synth 8-638] synthesizing module 'lpf' [/home/bouthsarath/ibert_dfe/prj/zubpm_hw/zubpm_hw.gen/sources_1/bd/top/ipshared/8842/hdl/proc_sys_reset_v5_0_vh_rfs.vhd:816]
INFO: [Synth 8-3491] module 'SRL16' declared at '/tools/Xilinx/Vivado/2022.2/scripts/rt/data/unisim_comp.v:131628' bound to instance 'POR_SRL_I' of component 'SRL16' [/home/bouthsarath/ibert_dfe/prj/zubpm_hw/zubpm_hw.gen/sources_1/bd/top/ipshared/8842/hdl/proc_sys_reset_v5_0_vh_rfs.vhd:868]
INFO: [Synth 8-6157] synthesizing module 'SRL16' [/tools/Xilinx/Vivado/2022.2/scripts/rt/data/unisim_comp.v:131628]
INFO: [Synth 8-6155] done synthesizing module 'SRL16' (0#1) [/tools/Xilinx/Vivado/2022.2/scripts/rt/data/unisim_comp.v:131628]
INFO: [Synth 8-638] synthesizing module 'cdc_sync' [/home/bouthsarath/ibert_dfe/prj/zubpm_hw/zubpm_hw.gen/sources_1/bd/top/ipshared/ef1e/hdl/lib_cdc_v1_0_rfs.vhd:106]
	Parameter INIT bound to: 1'b0 
INFO: [Synth 8-113] binding component instance 'CROSS_PLEVEL_IN2SCNDRY_IN_cdc_to' to cell 'FDR' [/home/bouthsarath/ibert_dfe/prj/zubpm_hw/zubpm_hw.gen/sources_1/bd/top/ipshared/ef1e/hdl/lib_cdc_v1_0_rfs.vhd:514]
	Parameter INIT bound to: 1'b0 
INFO: [Synth 8-113] binding component instance 'CROSS_PLEVEL_IN2SCNDRY_s_level_out_d2' to cell 'FDR' [/home/bouthsarath/ibert_dfe/prj/zubpm_hw/zubpm_hw.gen/sources_1/bd/top/ipshared/ef1e/hdl/lib_cdc_v1_0_rfs.vhd:545]
	Parameter INIT bound to: 1'b0 
INFO: [Synth 8-113] binding component instance 'CROSS_PLEVEL_IN2SCNDRY_s_level_out_d3' to cell 'FDR' [/home/bouthsarath/ibert_dfe/prj/zubpm_hw/zubpm_hw.gen/sources_1/bd/top/ipshared/ef1e/hdl/lib_cdc_v1_0_rfs.vhd:554]
	Parameter INIT bound to: 1'b0 
INFO: [Synth 8-113] binding component instance 'CROSS_PLEVEL_IN2SCNDRY_s_level_out_d4' to cell 'FDR' [/home/bouthsarath/ibert_dfe/prj/zubpm_hw/zubpm_hw.gen/sources_1/bd/top/ipshared/ef1e/hdl/lib_cdc_v1_0_rfs.vhd:564]
	Parameter INIT bound to: 1'b0 
INFO: [Synth 8-113] binding component instance 'CROSS_PLEVEL_IN2SCNDRY_s_level_out_d5' to cell 'FDR' [/home/bouthsarath/ibert_dfe/prj/zubpm_hw/zubpm_hw.gen/sources_1/bd/top/ipshared/ef1e/hdl/lib_cdc_v1_0_rfs.vhd:574]
	Parameter INIT bound to: 1'b0 
INFO: [Synth 8-113] binding component instance 'CROSS_PLEVEL_IN2SCNDRY_s_level_out_d6' to cell 'FDR' [/home/bouthsarath/ibert_dfe/prj/zubpm_hw/zubpm_hw.gen/sources_1/bd/top/ipshared/ef1e/hdl/lib_cdc_v1_0_rfs.vhd:584]
INFO: [Synth 8-256] done synthesizing module 'cdc_sync' (0#1) [/home/bouthsarath/ibert_dfe/prj/zubpm_hw/zubpm_hw.gen/sources_1/bd/top/ipshared/ef1e/hdl/lib_cdc_v1_0_rfs.vhd:106]
INFO: [Synth 8-256] done synthesizing module 'lpf' (0#1) [/home/bouthsarath/ibert_dfe/prj/zubpm_hw/zubpm_hw.gen/sources_1/bd/top/ipshared/8842/hdl/proc_sys_reset_v5_0_vh_rfs.vhd:816]
INFO: [Synth 8-638] synthesizing module 'sequence_psr' [/home/bouthsarath/ibert_dfe/prj/zubpm_hw/zubpm_hw.gen/sources_1/bd/top/ipshared/8842/hdl/proc_sys_reset_v5_0_vh_rfs.vhd:301]
INFO: [Synth 8-638] synthesizing module 'upcnt_n' [/home/bouthsarath/ibert_dfe/prj/zubpm_hw/zubpm_hw.gen/sources_1/bd/top/ipshared/8842/hdl/proc_sys_reset_v5_0_vh_rfs.vhd:125]
INFO: [Synth 8-256] done synthesizing module 'upcnt_n' (0#1) [/home/bouthsarath/ibert_dfe/prj/zubpm_hw/zubpm_hw.gen/sources_1/bd/top/ipshared/8842/hdl/proc_sys_reset_v5_0_vh_rfs.vhd:125]
INFO: [Synth 8-256] done synthesizing module 'sequence_psr' (0#1) [/home/bouthsarath/ibert_dfe/prj/zubpm_hw/zubpm_hw.gen/sources_1/bd/top/ipshared/8842/hdl/proc_sys_reset_v5_0_vh_rfs.vhd:301]
INFO: [Synth 8-256] done synthesizing module 'proc_sys_reset' (0#1) [/home/bouthsarath/ibert_dfe/prj/zubpm_hw/zubpm_hw.gen/sources_1/bd/top/ipshared/8842/hdl/proc_sys_reset_v5_0_vh_rfs.vhd:1323]
INFO: [Synth 8-256] done synthesizing module 'top_proc_sys_reset_0_0' (0#1) [/home/bouthsarath/ibert_dfe/prj/zubpm_hw/zubpm_hw.gen/sources_1/bd/top/ip/top_proc_sys_reset_0_0/synth/top_proc_sys_reset_0_0.vhd:74]
WARNING: [Synth 8-7129] Port prmry_aclk in module cdc_sync is either unconnected or has no load
WARNING: [Synth 8-7129] Port prmry_resetn in module cdc_sync is either unconnected or has no load
WARNING: [Synth 8-7129] Port prmry_vect_in[1] in module cdc_sync is either unconnected or has no load
WARNING: [Synth 8-7129] Port prmry_vect_in[0] in module cdc_sync is either unconnected or has no load
WARNING: [Synth 8-7129] Port scndry_resetn in module cdc_sync is either unconnected or has no load
---------------------------------------------------------------------------------
Finished RTL Elaboration : Time (s): cpu = 00:00:02 ; elapsed = 00:00:03 . Memory (MB): peak = 3293.648 ; gain = 311.668 ; free physical = 20054 ; free virtual = 100824
Synthesis current peak Physical Memory [PSS] (MB): peak = 2496.471; parent = 2340.364; children = 156.106
Synthesis current peak Virtual Memory [VSS] (MB): peak = 4266.852; parent = 3293.652; children = 973.199
---------------------------------------------------------------------------------
---------------------------------------------------------------------------------
Start Handling Custom Attributes
---------------------------------------------------------------------------------
---------------------------------------------------------------------------------
Finished Handling Custom Attributes : Time (s): cpu = 00:00:02 ; elapsed = 00:00:03 . Memory (MB): peak = 3311.461 ; gain = 329.480 ; free physical = 20054 ; free virtual = 100824
Synthesis current peak Physical Memory [PSS] (MB): peak = 2496.471; parent = 2340.364; children = 156.106
Synthesis current peak Virtual Memory [VSS] (MB): peak = 4284.664; parent = 3311.465; children = 973.199
---------------------------------------------------------------------------------
---------------------------------------------------------------------------------
Finished RTL Optimization Phase 1 : Time (s): cpu = 00:00:02 ; elapsed = 00:00:03 . Memory (MB): peak = 3311.461 ; gain = 329.480 ; free physical = 20054 ; free virtual = 100824
Synthesis current peak Physical Memory [PSS] (MB): peak = 2496.471; parent = 2340.364; children = 156.106
Synthesis current peak Virtual Memory [VSS] (MB): peak = 4284.664; parent = 3311.465; children = 973.199
---------------------------------------------------------------------------------
Netlist sorting complete. Time (s): cpu = 00:00:00 ; elapsed = 00:00:00 . Memory (MB): peak = 3317.398 ; gain = 0.000 ; free physical = 20054 ; free virtual = 100824
INFO: [Netlist 29-17] Analyzing 13 Unisim elements for replacement
INFO: [Netlist 29-28] Unisim Transformation completed in 0 CPU seconds
INFO: [Project 1-570] Preparing netlist for logic optimization

Processing XDC Constraints
Initializing timing engine
Parsing XDC File [/home/bouthsarath/ibert_dfe/prj/zubpm_hw/zubpm_hw.gen/sources_1/bd/top/ip/top_proc_sys_reset_0_0/top_proc_sys_reset_0_0_ooc.xdc] for cell 'U0'
Finished Parsing XDC File [/home/bouthsarath/ibert_dfe/prj/zubpm_hw/zubpm_hw.gen/sources_1/bd/top/ip/top_proc_sys_reset_0_0/top_proc_sys_reset_0_0_ooc.xdc] for cell 'U0'
Parsing XDC File [/home/bouthsarath/ibert_dfe/prj/zubpm_hw/zubpm_hw.gen/sources_1/bd/top/ip/top_proc_sys_reset_0_0/top_proc_sys_reset_0_0_board.xdc] for cell 'U0'
Finished Parsing XDC File [/home/bouthsarath/ibert_dfe/prj/zubpm_hw/zubpm_hw.gen/sources_1/bd/top/ip/top_proc_sys_reset_0_0/top_proc_sys_reset_0_0_board.xdc] for cell 'U0'
Parsing XDC File [/home/bouthsarath/ibert_dfe/prj/zubpm_hw/zubpm_hw.gen/sources_1/bd/top/ip/top_proc_sys_reset_0_0/top_proc_sys_reset_0_0.xdc] for cell 'U0'
Finished Parsing XDC File [/home/bouthsarath/ibert_dfe/prj/zubpm_hw/zubpm_hw.gen/sources_1/bd/top/ip/top_proc_sys_reset_0_0/top_proc_sys_reset_0_0.xdc] for cell 'U0'
Parsing XDC File [/home/bouthsarath/ibert_dfe/prj/zubpm_hw/zubpm_hw.runs/top_proc_sys_reset_0_0_synth_1/dont_touch.xdc]
Finished Parsing XDC File [/home/bouthsarath/ibert_dfe/prj/zubpm_hw/zubpm_hw.runs/top_proc_sys_reset_0_0_synth_1/dont_touch.xdc]
Completed Processing XDC Constraints

Netlist sorting complete. Time (s): cpu = 00:00:00 ; elapsed = 00:00:00 . Memory (MB): peak = 3476.180 ; gain = 0.000 ; free physical = 20053 ; free virtual = 100823
INFO: [Project 1-111] Unisim Transformation Summary:
  A total of 13 instances were transformed.
  FDR => FDRE: 12 instances
  SRL16 => SRL16E: 1 instance 

Constraint Validation Runtime : Time (s): cpu = 00:00:00 ; elapsed = 00:00:00.01 . Memory (MB): peak = 3476.180 ; gain = 0.000 ; free physical = 20053 ; free virtual = 100823
INFO: [Designutils 20-5008] Incremental synthesis strategy off
INFO: [Synth 8-11241] undeclared symbol 'REGCCE', assumed default net type 'wire' [/tools/Xilinx/Vivado/2022.2/data/verilog/src/unimacro/BRAM_SINGLE_MACRO.v:2170]
---------------------------------------------------------------------------------
Finished Constraint Validation : Time (s): cpu = 00:00:07 ; elapsed = 00:00:08 . Memory (MB): peak = 3476.180 ; gain = 494.199 ; free physical = 20097 ; free virtual = 100867
Synthesis current peak Physical Memory [PSS] (MB): peak = 2496.471; parent = 2340.364; children = 156.106
Synthesis current peak Virtual Memory [VSS] (MB): peak = 4417.367; parent = 3444.168; children = 973.199
---------------------------------------------------------------------------------
---------------------------------------------------------------------------------
Start Loading Part and Timing Information
---------------------------------------------------------------------------------
Loading part: xczu6eg-ffvb1156-1-e
INFO: [Synth 8-6742] Reading net delay rules and data
---------------------------------------------------------------------------------
Finished Loading Part and Timing Information : Time (s): cpu = 00:00:07 ; elapsed = 00:00:08 . Memory (MB): peak = 3476.180 ; gain = 494.199 ; free physical = 20097 ; free virtual = 100867
Synthesis current peak Physical Memory [PSS] (MB): peak = 2496.471; parent = 2340.364; children = 156.106
Synthesis current peak Virtual Memory [VSS] (MB): peak = 4417.367; parent = 3444.168; children = 973.199
---------------------------------------------------------------------------------
---------------------------------------------------------------------------------
Start Applying 'set_property' XDC Constraints
---------------------------------------------------------------------------------
Applied set_property KEEP_HIERARCHY = SOFT for U0. (constraint file  /home/bouthsarath/ibert_dfe/prj/zubpm_hw/zubpm_hw.runs/top_proc_sys_reset_0_0_synth_1/dont_touch.xdc, line 9).
---------------------------------------------------------------------------------
Finished applying 'set_property' XDC Constraints : Time (s): cpu = 00:00:07 ; elapsed = 00:00:08 . Memory (MB): peak = 3476.180 ; gain = 494.199 ; free physical = 20097 ; free virtual = 100867
Synthesis current peak Physical Memory [PSS] (MB): peak = 2496.471; parent = 2340.364; children = 156.106
Synthesis current peak Virtual Memory [VSS] (MB): peak = 4417.367; parent = 3444.168; children = 973.199
---------------------------------------------------------------------------------
---------------------------------------------------------------------------------
Finished RTL Optimization Phase 2 : Time (s): cpu = 00:00:07 ; elapsed = 00:00:08 . Memory (MB): peak = 3476.180 ; gain = 494.199 ; free physical = 20097 ; free virtual = 100867
Synthesis current peak Physical Memory [PSS] (MB): peak = 2496.471; parent = 2340.364; children = 156.106
Synthesis current peak Virtual Memory [VSS] (MB): peak = 4417.367; parent = 3444.168; children = 973.199
---------------------------------------------------------------------------------
---------------------------------------------------------------------------------
Start RTL Component Statistics 
---------------------------------------------------------------------------------
Detailed RTL Component Info : 
+---Adders : 
	   2 Input    6 Bit       Adders := 1     
+---Registers : 
	                6 Bit    Registers := 1     
	                3 Bit    Registers := 3     
	                1 Bit    Registers := 8     
+---Muxes : 
	   2 Input    6 Bit        Muxes := 1     
	   2 Input    1 Bit        Muxes := 1     
---------------------------------------------------------------------------------
Finished RTL Component Statistics 
---------------------------------------------------------------------------------
---------------------------------------------------------------------------------
Start Part Resource Summary
---------------------------------------------------------------------------------
Part Resources:
DSPs: 1973 (col length:168)
BRAMs: 1428 (col length: RAMB18 168 RAMB36 84)
---------------------------------------------------------------------------------
Finished Part Resource Summary
---------------------------------------------------------------------------------
---------------------------------------------------------------------------------
Start Cross Boundary and Area Optimization
---------------------------------------------------------------------------------
WARNING: [Synth 8-7080] Parallel synthesis criteria is not met
WARNING: [Synth 8-3332] Sequential element (EXT_LPF/ACTIVE_LOW_EXT.ACT_LO_EXT/GENERATE_LEVEL_P_S_CDC.SINGLE_BIT.CROSS_PLEVEL_IN2SCNDRY_s_level_out_d5) is unused and will be removed from module proc_sys_reset.
WARNING: [Synth 8-3332] Sequential element (EXT_LPF/ACTIVE_LOW_EXT.ACT_LO_EXT/GENERATE_LEVEL_P_S_CDC.SINGLE_BIT.CROSS_PLEVEL_IN2SCNDRY_s_level_out_d6) is unused and will be removed from module proc_sys_reset.
WARNING: [Synth 8-3332] Sequential element (EXT_LPF/ACTIVE_LOW_AUX.ACT_LO_AUX/GENERATE_LEVEL_P_S_CDC.SINGLE_BIT.CROSS_PLEVEL_IN2SCNDRY_s_level_out_d5) is unused and will be removed from module proc_sys_reset.
WARNING: [Synth 8-3332] Sequential element (EXT_LPF/ACTIVE_LOW_AUX.ACT_LO_AUX/GENERATE_LEVEL_P_S_CDC.SINGLE_BIT.CROSS_PLEVEL_IN2SCNDRY_s_level_out_d6) is unused and will be removed from module proc_sys_reset.
---------------------------------------------------------------------------------
Finished Cross Boundary and Area Optimization : Time (s): cpu = 00:00:08 ; elapsed = 00:00:08 . Memory (MB): peak = 3476.180 ; gain = 494.199 ; free physical = 20097 ; free virtual = 100872
Synthesis current peak Physical Memory [PSS] (MB): peak = 2496.471; parent = 2340.364; children = 156.106
Synthesis current peak Virtual Memory [VSS] (MB): peak = 4417.367; parent = 3444.168; children = 973.199
---------------------------------------------------------------------------------
---------------------------------------------------------------------------------
Start Applying XDC Timing Constraints
---------------------------------------------------------------------------------
---------------------------------------------------------------------------------
Finished Applying XDC Timing Constraints : Time (s): cpu = 00:00:13 ; elapsed = 00:00:14 . Memory (MB): peak = 3844.281 ; gain = 862.301 ; free physical = 19783 ; free virtual = 100557
Synthesis current peak Physical Memory [PSS] (MB): peak = 3060.761; parent = 2904.686; children = 156.106
Synthesis current peak Virtual Memory [VSS] (MB): peak = 4817.484; parent = 3844.285; children = 973.199
---------------------------------------------------------------------------------
---------------------------------------------------------------------------------
Start Timing Optimization
---------------------------------------------------------------------------------
---------------------------------------------------------------------------------
Finished Timing Optimization : Time (s): cpu = 00:00:13 ; elapsed = 00:00:14 . Memory (MB): peak = 3844.281 ; gain = 862.301 ; free physical = 19783 ; free virtual = 100557
Synthesis current peak Physical Memory [PSS] (MB): peak = 3060.917; parent = 2904.842; children = 156.106
Synthesis current peak Virtual Memory [VSS] (MB): peak = 4817.484; parent = 3844.285; children = 973.199
---------------------------------------------------------------------------------
---------------------------------------------------------------------------------
Start Technology Mapping
---------------------------------------------------------------------------------
---------------------------------------------------------------------------------
Finished Technology Mapping : Time (s): cpu = 00:00:13 ; elapsed = 00:00:14 . Memory (MB): peak = 3872.328 ; gain = 890.348 ; free physical = 19760 ; free virtual = 100534
Synthesis current peak Physical Memory [PSS] (MB): peak = 3061.343; parent = 2905.268; children = 156.106
Synthesis current peak Virtual Memory [VSS] (MB): peak = 4845.531; parent = 3872.332; children = 973.199
---------------------------------------------------------------------------------
---------------------------------------------------------------------------------
Start IO Insertion
---------------------------------------------------------------------------------
---------------------------------------------------------------------------------
Start Flattening Before IO Insertion
---------------------------------------------------------------------------------
---------------------------------------------------------------------------------
Finished Flattening Before IO Insertion
---------------------------------------------------------------------------------
---------------------------------------------------------------------------------
Start Final Netlist Cleanup
---------------------------------------------------------------------------------
---------------------------------------------------------------------------------
Finished Final Netlist Cleanup
---------------------------------------------------------------------------------
---------------------------------------------------------------------------------
Finished IO Insertion : Time (s): cpu = 00:00:15 ; elapsed = 00:00:16 . Memory (MB): peak = 3872.328 ; gain = 890.348 ; free physical = 19751 ; free virtual = 100526
Synthesis current peak Physical Memory [PSS] (MB): peak = 3061.526; parent = 2905.451; children = 156.106
Synthesis current peak Virtual Memory [VSS] (MB): peak = 4845.531; parent = 3872.332; children = 973.199
---------------------------------------------------------------------------------
---------------------------------------------------------------------------------
Start Renaming Generated Instances
---------------------------------------------------------------------------------
---------------------------------------------------------------------------------
Finished Renaming Generated Instances : Time (s): cpu = 00:00:15 ; elapsed = 00:00:16 . Memory (MB): peak = 3872.328 ; gain = 890.348 ; free physical = 19751 ; free virtual = 100526
Synthesis current peak Physical Memory [PSS] (MB): peak = 3061.526; parent = 2905.451; children = 156.106
Synthesis current peak Virtual Memory [VSS] (MB): peak = 4845.531; parent = 3872.332; children = 973.199
---------------------------------------------------------------------------------
---------------------------------------------------------------------------------
Start Rebuilding User Hierarchy
---------------------------------------------------------------------------------
---------------------------------------------------------------------------------
Finished Rebuilding User Hierarchy : Time (s): cpu = 00:00:15 ; elapsed = 00:00:16 . Memory (MB): peak = 3872.328 ; gain = 890.348 ; free physical = 19751 ; free virtual = 100526
Synthesis current peak Physical Memory [PSS] (MB): peak = 3061.542; parent = 2905.467; children = 156.106
Synthesis current peak Virtual Memory [VSS] (MB): peak = 4845.531; parent = 3872.332; children = 973.199
---------------------------------------------------------------------------------
---------------------------------------------------------------------------------
Start Renaming Generated Ports
---------------------------------------------------------------------------------
---------------------------------------------------------------------------------
Finished Renaming Generated Ports : Time (s): cpu = 00:00:15 ; elapsed = 00:00:16 . Memory (MB): peak = 3872.328 ; gain = 890.348 ; free physical = 19751 ; free virtual = 100526
Synthesis current peak Physical Memory [PSS] (MB): peak = 3061.620; parent = 2905.545; children = 156.106
Synthesis current peak Virtual Memory [VSS] (MB): peak = 4845.531; parent = 3872.332; children = 973.199
---------------------------------------------------------------------------------
---------------------------------------------------------------------------------
Start Handling Custom Attributes
---------------------------------------------------------------------------------
---------------------------------------------------------------------------------
Finished Handling Custom Attributes : Time (s): cpu = 00:00:15 ; elapsed = 00:00:16 . Memory (MB): peak = 3872.328 ; gain = 890.348 ; free physical = 19751 ; free virtual = 100526
Synthesis current peak Physical Memory [PSS] (MB): peak = 3061.620; parent = 2905.545; children = 156.106
Synthesis current peak Virtual Memory [VSS] (MB): peak = 4845.531; parent = 3872.332; children = 973.199
---------------------------------------------------------------------------------
---------------------------------------------------------------------------------
Start Renaming Generated Nets
---------------------------------------------------------------------------------
---------------------------------------------------------------------------------
Finished Renaming Generated Nets : Time (s): cpu = 00:00:15 ; elapsed = 00:00:16 . Memory (MB): peak = 3872.328 ; gain = 890.348 ; free physical = 19752 ; free virtual = 100526
Synthesis current peak Physical Memory [PSS] (MB): peak = 3061.636; parent = 2905.561; children = 156.106
Synthesis current peak Virtual Memory [VSS] (MB): peak = 4845.531; parent = 3872.332; children = 973.199
---------------------------------------------------------------------------------
---------------------------------------------------------------------------------
Start Writing Synthesis Report
---------------------------------------------------------------------------------

Report BlackBoxes: 
+-+--------------+----------+
| |BlackBox name |Instances |
+-+--------------+----------+
+-+--------------+----------+

Report Cell Usage: 
+------+------+------+
|      |Cell  |Count |
+------+------+------+
|1     |LUT1  |     5|
|2     |LUT2  |     9|
|3     |LUT3  |     1|
|4     |LUT4  |     6|
|5     |LUT5  |     3|
|6     |LUT6  |     1|
|7     |SRL16 |     1|
|8     |FDR   |     8|
|9     |FDRE  |    28|
|10    |FDSE  |     4|
+------+------+------+
---------------------------------------------------------------------------------
Finished Writing Synthesis Report : Time (s): cpu = 00:00:15 ; elapsed = 00:00:16 . Memory (MB): peak = 3872.328 ; gain = 890.348 ; free physical = 19752 ; free virtual = 100527
Synthesis current peak Physical Memory [PSS] (MB): peak = 3061.667; parent = 2905.592; children = 156.106
Synthesis current peak Virtual Memory [VSS] (MB): peak = 4845.531; parent = 3872.332; children = 973.199
---------------------------------------------------------------------------------
Synthesis finished with 0 errors, 0 critical warnings and 5 warnings.
Synthesis Optimization Runtime : Time (s): cpu = 00:00:12 ; elapsed = 00:00:13 . Memory (MB): peak = 3872.328 ; gain = 725.629 ; free physical = 19752 ; free virtual = 100527
Synthesis Optimization Complete : Time (s): cpu = 00:00:15 ; elapsed = 00:00:16 . Memory (MB): peak = 3872.336 ; gain = 890.348 ; free physical = 19752 ; free virtual = 100527
INFO: [Project 1-571] Translating synthesized netlist
Netlist sorting complete. Time (s): cpu = 00:00:00 ; elapsed = 00:00:00 . Memory (MB): peak = 3872.336 ; gain = 0.000 ; free physical = 19752 ; free virtual = 100527
INFO: [Netlist 29-17] Analyzing 9 Unisim elements for replacement
INFO: [Netlist 29-28] Unisim Transformation completed in 0 CPU seconds
INFO: [Project 1-570] Preparing netlist for logic optimization
INFO: [Opt 31-138] Pushed 0 inverter(s) to 0 load pin(s).
Netlist sorting complete. Time (s): cpu = 00:00:00 ; elapsed = 00:00:00 . Memory (MB): peak = 3936.965 ; gain = 0.000 ; free physical = 19814 ; free virtual = 100589
INFO: [Project 1-111] Unisim Transformation Summary:
  A total of 9 instances were transformed.
  FDR => FDRE: 8 instances
  SRL16 => SRL16E: 1 instance 

Synth Design complete, checksum: e1ba59a1
INFO: [Common 17-83] Releasing license: Synthesis
48 Infos, 10 Warnings, 0 Critical Warnings and 0 Errors encountered.
synth_design completed successfully
synth_design: Time (s): cpu = 00:00:19 ; elapsed = 00:00:19 . Memory (MB): peak = 3936.965 ; gain = 1867.918 ; free physical = 19888 ; free virtual = 100662
INFO: [Common 17-1381] The checkpoint '/home/bouthsarath/ibert_dfe/prj/zubpm_hw/zubpm_hw.runs/top_proc_sys_reset_0_0_synth_1/top_proc_sys_reset_0_0.dcp' has been generated.
INFO: [Coretcl 2-1648] Added synthesis output to IP cache for IP top_proc_sys_reset_0_0, cache-ID = ddd9e722fe128309
INFO: [Coretcl 2-1174] Renamed 6 cell refs.
INFO: [Common 17-1381] The checkpoint '/home/bouthsarath/ibert_dfe/prj/zubpm_hw/zubpm_hw.runs/top_proc_sys_reset_0_0_synth_1/top_proc_sys_reset_0_0.dcp' has been generated.
INFO: [runtcl-4] Executing : report_utilization -file top_proc_sys_reset_0_0_utilization_synth.rpt -pb top_proc_sys_reset_0_0_utilization_synth.pb
INFO: [Common 17-206] Exiting Vivado at Wed Dec  3 09:24:07 2025...
